#
# There is insufficient memory for the Java Runtime Environment to continue.
# Native memory allocation (malloc) failed to allocate 1048576 bytes. Error detail: AllocateHeap
# Possible reasons:
#   The system is out of physical RAM or swap space
#   This process is running with CompressedOops enabled, and the Java Heap may be blocking the growth of the native heap
# Possible solutions:
#   Reduce memory load on the system
#   Increase physical memory or swap space
#   Check if swap backing store is full
#   Decrease Java heap size (-Xmx/-Xms)
#   Decrease number of Java threads
#   Decrease Java thread stack sizes (-Xss)
#   Set larger code cache with -XX:ReservedCodeCacheSize=
#   JVM is running with Unscaled Compressed Oops mode in which the Java heap is
#     placed in the first 4GB address space. The Java Heap base address is the
#     maximum limit for the native heap growth. Please use -XX:HeapBaseMinAddress
#     to set the Java Heap base and to place the Java Heap above 4GB virtual address.
# This output file may be truncated or incomplete.
#
#  Out of Memory Error (allocation.cpp:44), pid=6936, tid=7272
#
# JRE version:  (21.0.6+7) (build )
# Java VM: OpenJDK 64-Bit Server VM (21.0.6+7-LTS, mixed mode, tiered, compressed oops, compressed class ptrs, parallel gc, windows-amd64)
# No core dump will be written. Minidumps are not enabled by default on client versions of Windows
#

---------------  S U M M A R Y ------------

Command Line: --add-modules=ALL-SYSTEM --add-opens=java.base/java.util=ALL-UNNAMED --add-opens=java.base/java.lang=ALL-UNNAMED --add-opens=java.base/sun.nio.fs=ALL-UNNAMED -Declipse.application=org.eclipse.jdt.ls.core.id1 -Dosgi.bundles.defaultStartLevel=4 -Declipse.product=org.eclipse.jdt.ls.core.product -Djava.import.generatesMetadataFilesAtProjectRoot=false -DDetectVMInstallationsJob.disabled=true -Dfile.encoding=utf8 -XX:+UseParallelGC -XX:GCTimeRatio=4 -XX:AdaptiveSizePolicyWeight=90 -Dsun.zip.disableMemoryMapping=true -Xmx1G -Xms100m -Xlog:disable -javaagent:c:\Users\Surafel_Pc\.vscode\extensions\redhat.java-1.40.0-win32-x64\lombok\lombok-1.18.36.jar -XX:+HeapDumpOnOutOfMemoryError -XX:HeapDumpPath=c:\Users\Surafel_Pc\AppData\Roaming\Code\User\workspaceStorage\5ebe8adba00e4c222bc02e3cb83f1796\redhat.java -Daether.dependencyCollector.impl=bf c:\Users\Surafel_Pc\.vscode\extensions\redhat.java-1.40.0-win32-x64\server\plugins\org.eclipse.equinox.launcher_1.6.1000.v20250131-0606.jar -configuration c:\Users\Surafel_Pc\AppData\Roaming\Code\User\globalStorage\redhat.java\1.40.0\config_win -data c:\Users\Surafel_Pc\AppData\Roaming\Code\User\workspaceStorage\5ebe8adba00e4c222bc02e3cb83f1796\redhat.java\jdt_ws --pipe=\\.\pipe\lsp-46ebcc07be53e168b30d63180bbf51e8-sock

Host: Intel(R) Core(TM) i5-4590 CPU @ 3.30GHz, 4 cores, 9G,  Windows 10 , 64 bit Build 19041 (10.0.19041.5198)
Time: Thu Mar 27 14:29:18 2025 Pacific Daylight Time elapsed time: 0.374605 seconds (0d 0h 0m 0s)

---------------  T H R E A D  ---------------

Current thread (0x0000024164177ff0):  JavaThread "Unknown thread" [_thread_in_vm, id=7272, stack(0x000000c8d5a00000,0x000000c8d5b00000) (1024K)]

Stack: [0x000000c8d5a00000,0x000000c8d5b00000]
Native frames: (J=compiled Java code, j=interpreted, Vv=VM code, C=native code)
V  [jvm.dll+0x6cdee9]
V  [jvm.dll+0x8a83d1]
V  [jvm.dll+0x8aa8fe]
V  [jvm.dll+0x8aafe3]
V  [jvm.dll+0x27f706]
V  [jvm.dll+0xbfb37]
V  [jvm.dll+0x702102]
V  [jvm.dll+0x702e3c]
V  [jvm.dll+0x6dcc13]
V  [jvm.dll+0x871cdc]
V  [jvm.dll+0x3bc2dc]
V  [jvm.dll+0x85a868]
V  [jvm.dll+0x45066e]
V  [jvm.dll+0x4522b1]
C  [jli.dll+0x5278]
C  [ucrtbase.dll+0x21bb2]
C  [KERNEL32.DLL+0x17374]
C  [ntdll.dll+0x4cc91]


---------------  P R O C E S S  ---------------

Threads class SMR info:
_java_thread_list=0x0000024166592470, length=1, elements={
0x0000024164177ff0
}

Java Threads: ( => current thread )
=>0x0000024164177ff0 JavaThread "Unknown thread"             [_thread_in_vm, id=7272, stack(0x000000c8d5a00000,0x000000c8d5b00000) (1024K)]
Total: 1

Other Threads:
  0x00000241000dcb20 WatcherThread "VM Periodic Task Thread"        [id=9744, stack(0x000000c8d5c00000,0x000000c8d5d00000) (1024K)]
  0x0000024166544740 WorkerThread "GC Thread#0"                     [id=4648, stack(0x000000c8d5b00000,0x000000c8d5c00000) (1024K)]
Total: 2

Threads with active compile tasks:
Total: 0

VM state: not at safepoint (normal execution)

VM Mutex/Monitor currently owned by a thread: None

Heap address: 0x00000000c0000000, size: 1024 MB, Compressed Oops mode: 32-bit

CDS archive(s) not mapped
Compressed class space mapped at: 0x0000000100000000-0x0000000140000000, reserved size: 1073741824
Narrow klass base: 0x0000000000000000, Narrow klass shift: 3, Narrow klass range: 0x140000000

GC Precious Log:
 CardTable entry size: 512
 CPUs: 4 total, 4 available
 Memory: 10148M
 Large Page Support: Disabled
 NUMA Support: Disabled
 Compressed Oops: Enabled (32-bit)
 Alignments: Space 512K, Generation 512K, Heap 2M
 Heap Min Capacity: 100M
 Heap Initial Capacity: 100M
 Heap Max Capacity: 1G
 Pre-touch: Disabled
 Parallel Workers: 4

Heap:
 PSYoungGen      total 29696K, used 512K [0x00000000eab00000, 0x00000000ecc00000, 0x0000000100000000)
  eden space 25600K, 2% used [0x00000000eab00000,0x00000000eab80070,0x00000000ec400000)
  from space 4096K, 0% used [0x00000000ec800000,0x00000000ec800000,0x00000000ecc00000)
  to   space 4096K, 0% used [0x00000000ec400000,0x00000000ec400000,0x00000000ec800000)
 ParOldGen       total 68608K, used 0K [0x00000000c0000000, 0x00000000c4300000, 0x00000000eab00000)
  object space 68608K, 0% used [0x00000000c0000000,0x00000000c0000000,0x00000000c4300000)
 Metaspace       used 1392K, committed 1472K, reserved 1114112K
  class space    used 109K, committed 128K, reserved 1048576K

Card table byte_map: [0x0000024165ed0000,0x00000241660e0000] _byte_map_base: 0x00000241658d0000

Marking Bits: (ParMarkBitMap*) 0x00007ff83fab3260
 Begin Bits: [0x0000024178720000, 0x0000024179720000)
 End Bits:   [0x0000024179720000, 0x000002417a720000)

Polling page: 0x0000024164390000

Metaspace:

Usage:
  Non-class:      1.25 MB used.
      Class:    109.62 KB used.
       Both:      1.36 MB used.

Virtual space:
  Non-class space:       64.00 MB reserved,       1.31 MB (  2%) committed,  1 nodes.
      Class space:        1.00 GB reserved,     128.00 KB ( <1%) committed,  1 nodes.
             Both:        1.06 GB reserved,       1.44 MB ( <1%) committed. 

Chunk freelists:
   Non-Class:  12.00 MB
       Class:  15.75 MB
        Both:  27.75 MB

MaxMetaspaceSize: unlimited
CompressedClassSpaceSize: 1.00 GB
Initial GC threshold: 21.00 MB
Current GC threshold: 17179869184.00 GB
CDS: off
 - commit_granule_bytes: 65536.
 - commit_granule_words: 8192.
 - virtual_space_node_default_size: 8388608.
 - enlarge_chunks_in_place: 1.
 - use_allocation_guard: 0.


Internal statistics:

num_allocs_failed_limit: 0.
num_arena_births: 2.
num_arena_deaths: 0.
num_vsnodes_births: 2.
num_vsnodes_deaths: 0.
num_space_committed: 23.
num_space_uncommitted: 0.
num_chunks_returned_to_freelist: 0.
num_chunks_taken_from_freelist: 3.
num_chunk_merges: 0.
num_chunk_splits: 2.
num_chunks_enlarged: 0.
num_inconsistent_stats: 0.

CodeHeap 'non-profiled nmethods': size=120000Kb used=0Kb max_used=0Kb free=120000Kb
 bounds [0x00000241711f0000, 0x0000024171460000, 0x0000024178720000]
CodeHeap 'profiled nmethods': size=120000Kb used=0Kb max_used=0Kb free=120000Kb
 bounds [0x0000024169720000, 0x0000024169990000, 0x0000024170c50000]
CodeHeap 'non-nmethods': size=5760Kb used=194Kb max_used=342Kb free=5565Kb
 bounds [0x0000024170c50000, 0x0000024170ec0000, 0x00000241711f0000]
 total_blobs=70 nmethods=0 adapters=48
 compilation: enabled
              stopped_count=0, restarted_count=0
 full_count=0

Compilation events (0 events):
No events

GC Heap History (0 events):
No events

Dll operation events (2 events):
Event: 0.008 Loaded shared library c:\Users\Surafel_Pc\.vscode\extensions\redhat.java-1.40.0-win32-x64\jre\21.0.6-win32-x86_64\bin\java.dll
Event: 0.039 Loaded shared library c:\Users\Surafel_Pc\.vscode\extensions\redhat.java-1.40.0-win32-x64\jre\21.0.6-win32-x86_64\bin\zip.dll

Deoptimization events (0 events):
No events

Classes loaded (20 events):
Event: 0.365 Loading class java/util/Iterator
Event: 0.366 Loading class java/util/Iterator done
Event: 0.366 Loading class java/lang/reflect/RecordComponent
Event: 0.366 Loading class java/lang/reflect/RecordComponent done
Event: 0.366 Loading class jdk/internal/vm/vector/VectorSupport
Event: 0.367 Loading class jdk/internal/vm/vector/VectorSupport done
Event: 0.367 Loading class jdk/internal/vm/vector/VectorSupport$VectorPayload
Event: 0.368 Loading class jdk/internal/vm/vector/VectorSupport$VectorPayload done
Event: 0.368 Loading class jdk/internal/vm/vector/VectorSupport$Vector
Event: 0.368 Loading class jdk/internal/vm/vector/VectorSupport$Vector done
Event: 0.368 Loading class jdk/internal/vm/vector/VectorSupport$VectorMask
Event: 0.368 Loading class jdk/internal/vm/vector/VectorSupport$VectorMask done
Event: 0.368 Loading class jdk/internal/vm/vector/VectorSupport$VectorShuffle
Event: 0.368 Loading class jdk/internal/vm/vector/VectorSupport$VectorShuffle done
Event: 0.368 Loading class jdk/internal/vm/FillerObject
Event: 0.368 Loading class jdk/internal/vm/FillerObject done
Event: 0.371 Loading class java/lang/NullPointerException
Event: 0.371 Loading class java/lang/NullPointerException done
Event: 0.371 Loading class java/lang/ArithmeticException
Event: 0.371 Loading class java/lang/ArithmeticException done

Classes unloaded (0 events):
No events

Classes redefined (0 events):
No events

Internal exceptions (0 events):
No events

ZGC Phase Switch (0 events):
No events

VM Operations (0 events):
No events

Memory protections (0 events):
No events

Nmethod flushes (0 events):
No events

Events (1 events):
Event: 0.015 Thread 0x0000024164177ff0 Thread added: 0x0000024164177ff0


Dynamic libraries:
0x00007ff6d73c0000 - 0x00007ff6d73ce000 	c:\Users\Surafel_Pc\.vscode\extensions\redhat.java-1.40.0-win32-x64\jre\21.0.6-win32-x86_64\bin\java.exe
0x00007ff892d70000 - 0x00007ff892f68000 	C:\WINDOWS\SYSTEM32\ntdll.dll
0x00007ff890e20000 - 0x00007ff890ee2000 	C:\WINDOWS\System32\KERNEL32.DLL
0x00007ff890970000 - 0x00007ff890c6f000 	C:\WINDOWS\System32\KERNELBASE.dll
0x00007ff890870000 - 0x00007ff890970000 	C:\WINDOWS\System32\ucrtbase.dll
0x00007ff8729b0000 - 0x00007ff8729c8000 	c:\Users\Surafel_Pc\.vscode\extensions\redhat.java-1.40.0-win32-x64\jre\21.0.6-win32-x86_64\bin\jli.dll
0x00007ff8728b0000 - 0x00007ff8728ce000 	c:\Users\Surafel_Pc\.vscode\extensions\redhat.java-1.40.0-win32-x64\jre\21.0.6-win32-x86_64\bin\VCRUNTIME140.dll
0x00007ff892680000 - 0x00007ff89281d000 	C:\WINDOWS\System32\USER32.dll
0x00007ff890c70000 - 0x00007ff890c92000 	C:\WINDOWS\System32\win32u.dll
0x00007ff87c0f0000 - 0x00007ff87c38a000 	C:\WINDOWS\WinSxS\amd64_microsoft.windows.common-controls_6595b64144ccf1df_6.0.19041.4355_none_60b8b9eb71f62e16\COMCTL32.dll
0x00007ff892c60000 - 0x00007ff892c8b000 	C:\WINDOWS\System32\GDI32.dll
0x00007ff890d80000 - 0x00007ff890e1e000 	C:\WINDOWS\System32\msvcrt.dll
0x00007ff8906e0000 - 0x00007ff8907f7000 	C:\WINDOWS\System32\gdi32full.dll
0x00007ff890640000 - 0x00007ff8906dd000 	C:\WINDOWS\System32\msvcp_win.dll
0x00007ff890f60000 - 0x00007ff890f8f000 	C:\WINDOWS\System32\IMM32.DLL
0x00007ff88bce0000 - 0x00007ff88bcec000 	c:\Users\Surafel_Pc\.vscode\extensions\redhat.java-1.40.0-win32-x64\jre\21.0.6-win32-x86_64\bin\vcruntime140_1.dll
0x00007ff85cab0000 - 0x00007ff85cb3d000 	c:\Users\Surafel_Pc\.vscode\extensions\redhat.java-1.40.0-win32-x64\jre\21.0.6-win32-x86_64\bin\msvcp140.dll
0x00007ff83ee00000 - 0x00007ff83fb90000 	c:\Users\Surafel_Pc\.vscode\extensions\redhat.java-1.40.0-win32-x64\jre\21.0.6-win32-x86_64\bin\server\jvm.dll
0x00007ff891b20000 - 0x00007ff891bd1000 	C:\WINDOWS\System32\ADVAPI32.dll
0x00007ff892c90000 - 0x00007ff892d2f000 	C:\WINDOWS\System32\sechost.dll
0x00007ff892060000 - 0x00007ff892183000 	C:\WINDOWS\System32\RPCRT4.dll
0x00007ff890560000 - 0x00007ff890587000 	C:\WINDOWS\System32\bcrypt.dll
0x00007ff8928b0000 - 0x00007ff89291b000 	C:\WINDOWS\System32\WS2_32.dll
0x00007ff890260000 - 0x00007ff8902ab000 	C:\WINDOWS\SYSTEM32\POWRPROF.dll
0x00007ff881a10000 - 0x00007ff881a37000 	C:\WINDOWS\SYSTEM32\WINMM.dll
0x00007ff881a40000 - 0x00007ff881a4a000 	C:\WINDOWS\SYSTEM32\VERSION.dll
0x00007ff890240000 - 0x00007ff890252000 	C:\WINDOWS\SYSTEM32\UMPDC.dll
0x00007ff88e0c0000 - 0x00007ff88e0d2000 	C:\WINDOWS\SYSTEM32\kernel.appcore.dll
0x00007ff88b580000 - 0x00007ff88b58a000 	c:\Users\Surafel_Pc\.vscode\extensions\redhat.java-1.40.0-win32-x64\jre\21.0.6-win32-x86_64\bin\jimage.dll
0x00007ff882a00000 - 0x00007ff882be4000 	C:\WINDOWS\SYSTEM32\DBGHELP.DLL
0x00007ff882970000 - 0x00007ff8829a4000 	C:\WINDOWS\SYSTEM32\dbgcore.DLL
0x00007ff890cf0000 - 0x00007ff890d72000 	C:\WINDOWS\System32\bcryptPrimitives.dll
0x00007ff889490000 - 0x00007ff88949f000 	c:\Users\Surafel_Pc\.vscode\extensions\redhat.java-1.40.0-win32-x64\jre\21.0.6-win32-x86_64\bin\instrument.dll
0x00007ff876850000 - 0x00007ff87686f000 	c:\Users\Surafel_Pc\.vscode\extensions\redhat.java-1.40.0-win32-x64\jre\21.0.6-win32-x86_64\bin\java.dll
0x00007ff8766f0000 - 0x00007ff876708000 	c:\Users\Surafel_Pc\.vscode\extensions\redhat.java-1.40.0-win32-x64\jre\21.0.6-win32-x86_64\bin\zip.dll

dbghelp: loaded successfully - version: 4.0.5 - missing functions: none
symbol engine: initialized successfully - sym options: 0x614 - pdb path: .;c:\Users\Surafel_Pc\.vscode\extensions\redhat.java-1.40.0-win32-x64\jre\21.0.6-win32-x86_64\bin;C:\WINDOWS\SYSTEM32;C:\WINDOWS\WinSxS\amd64_microsoft.windows.common-controls_6595b64144ccf1df_6.0.19041.4355_none_60b8b9eb71f62e16;c:\Users\Surafel_Pc\.vscode\extensions\redhat.java-1.40.0-win32-x64\jre\21.0.6-win32-x86_64\bin\server

VM Arguments:
jvm_args: --add-modules=ALL-SYSTEM --add-opens=java.base/java.util=ALL-UNNAMED --add-opens=java.base/java.lang=ALL-UNNAMED --add-opens=java.base/sun.nio.fs=ALL-UNNAMED -Declipse.application=org.eclipse.jdt.ls.core.id1 -Dosgi.bundles.defaultStartLevel=4 -Declipse.product=org.eclipse.jdt.ls.core.product -Djava.import.generatesMetadataFilesAtProjectRoot=false -DDetectVMInstallationsJob.disabled=true -Dfile.encoding=utf8 -XX:+UseParallelGC -XX:GCTimeRatio=4 -XX:AdaptiveSizePolicyWeight=90 -Dsun.zip.disableMemoryMapping=true -Xmx1G -Xms100m -Xlog:disable -javaagent:c:\Users\Surafel_Pc\.vscode\extensions\redhat.java-1.40.0-win32-x64\lombok\lombok-1.18.36.jar -XX:+HeapDumpOnOutOfMemoryError -XX:HeapDumpPath=c:\Users\Surafel_Pc\AppData\Roaming\Code\User\workspaceStorage\5ebe8adba00e4c222bc02e3cb83f1796\redhat.java -Daether.dependencyCollector.impl=bf 
java_command: c:\Users\Surafel_Pc\.vscode\extensions\redhat.java-1.40.0-win32-x64\server\plugins\org.eclipse.equinox.launcher_1.6.1000.v20250131-0606.jar -configuration c:\Users\Surafel_Pc\AppData\Roaming\Code\User\globalStorage\redhat.java\1.40.0\config_win -data c:\Users\Surafel_Pc\AppData\Roaming\Code\User\workspaceStorage\5ebe8adba00e4c222bc02e3cb83f1796\redhat.java\jdt_ws --pipe=\\.\pipe\lsp-46ebcc07be53e168b30d63180bbf51e8-sock
java_class_path (initial): c:\Users\Surafel_Pc\.vscode\extensions\redhat.java-1.40.0-win32-x64\server\plugins\org.eclipse.equinox.launcher_1.6.1000.v20250131-0606.jar
Launcher Type: SUN_STANDARD

[Global flags]
    uintx AdaptiveSizePolicyWeight                 = 90                                        {product} {command line}
     intx CICompilerCount                          = 3                                         {product} {ergonomic}
    uintx GCTimeRatio                              = 4                                         {product} {command line}
     bool HeapDumpOnOutOfMemoryError               = true                                   {manageable} {command line}
    ccstr HeapDumpPath                             = c:\Users\Surafel_Pc\AppData\Roaming\Code\User\workspaceStorage\5ebe8adba00e4c222bc02e3cb83f1796\redhat.java         {manageable} {command line}
   size_t InitialHeapSize                          = 104857600                                 {product} {command line}
   size_t MaxHeapSize                              = 1073741824                                {product} {command line}
   size_t MaxNewSize                               = 357564416                                 {product} {ergonomic}
   size_t MinHeapDeltaBytes                        = 524288                                    {product} {ergonomic}
   size_t MinHeapSize                              = 104857600                                 {product} {command line}
   size_t NewSize                                  = 34603008                                  {product} {ergonomic}
    uintx NonNMethodCodeHeapSize                   = 5832780                                {pd product} {ergonomic}
    uintx NonProfiledCodeHeapSize                  = 122912730                              {pd product} {ergonomic}
   size_t OldSize                                  = 70254592                                  {product} {ergonomic}
    uintx ProfiledCodeHeapSize                     = 122912730                              {pd product} {ergonomic}
    uintx ReservedCodeCacheSize                    = 251658240                              {pd product} {ergonomic}
     bool SegmentedCodeCache                       = true                                      {product} {ergonomic}
   size_t SoftMaxHeapSize                          = 1073741824                             {manageable} {ergonomic}
     bool UseCompressedOops                        = true                           {product lp64_product} {ergonomic}
     bool UseLargePagesIndividualAllocation        = false                                  {pd product} {ergonomic}
     bool UseParallelGC                            = true                                      {product} {command line}

Logging:
Log output configuration:
 #0: stdout all=off uptime,level,tags foldmultilines=false
 #1: stderr all=off uptime,level,tags foldmultilines=false

Environment Variables:
PATH=C:\Program Files\Common Files\Oracle\Java\javapath;C:\Program Files (x86)\VMware\VMware Player\bin\;C:\WINDOWS\system32;C:\WINDOWS;C:\WINDOWS\System32\Wbem;C:\WINDOWS\System32\WindowsPowerShell\v1.0\;C:\WINDOWS\System32\OpenSSH\;C:\Program Files\Git\cmd;C:\Users\Surafel_Pc\AppData\Local\Programs\Python\Python312;C:\Users\Surafel_Pc\AppData\Local\Programs\Python\Python312\Scripts;C:\Program Files\MySQL\MySQL Server 8.0\bin;C:\ProgramData\chocolatey\bin;C:\Program Files\nodejs\;C:\Users\Surafel_Pc\Desktop\react&node\my-vue-app\node_modules\vite\bin;C:\Users\Surafel_Pc\Desktop\react&node\my-vue-app\node_modules\.bin;C:\Program Files\nodejs;C:\Users\Surafel_Pc\Desktop\react&node\my-app\node_modules\.bin;C:\Users\Surafel_Pc\AppData\Local\Android\Sdk;C:\flutter_windows_3.29.2-stable\flutter\bin;C:\Program Files\MySQL\MySQL Shell 8.0\bin\;C:\Users\Surafel_Pc\AppData\Local\Programs\Python\Launcher\;C:\Users\Surafel_Pc\AppData\Local\Microsoft\WindowsApps;C:\Users\Surafel_Pc\AppData\Local\Programs\Python\Python312;C:\Users\Surafel_Pc\AppData\Local\Programs\Python\Python312\Scripts;C:\Users\Surafel_Pc\AppData\Local\Programs\Python\Python312\Lib;C:\Users\Surafel_Pc\AppData\Roaming\npm;C:\Program Files\Java\jdk-19\bin;C:\Program Files\JetBrains\IntelliJ IDEA 2024.2.3\bin;;C:\Users\Surafel_Pc\AppData\Local\Android\Sdk\platform-tools;C:\Users\Surafel_Pc\AppData\Local\Android\Sdk;C:\Users\Surafel_Pc\AppData\Local\Android\Sdk;C:\Users\Surafel_Pc\AppData\Local\Programs\Microsoft VS Code\bin;
USERNAME=Surafel_Pc
OS=Windows_NT
PROCESSOR_IDENTIFIER=Intel64 Family 6 Model 60 Stepping 3, GenuineIntel
TMP=C:\Users\SURAFE~1\AppData\Local\Temp
TEMP=C:\Users\SURAFE~1\AppData\Local\Temp




Periodic native trim disabled

---------------  S Y S T E M  ---------------

OS:
 Windows 10 , 64 bit Build 19041 (10.0.19041.5198)
OS uptime: 0 days 6:24 hours

CPU: total 4 (initial active 4) (4 cores per cpu, 1 threads per core) family 6 model 60 stepping 3 microcode 0x27, cx8, cmov, fxsr, mmx, sse, sse2, sse3, ssse3, sse4.1, sse4.2, popcnt, lzcnt, tsc, tscinvbit, avx, avx2, aes, erms, clmul, bmi1, bmi2, fma, vzeroupper, clflush, rdtscp, f16c
Processor Information for the first 4 processors :
  Max Mhz: 3301, Current Mhz: 3301, Mhz Limit: 3301

Memory: 4k page, system-wide physical 10148M (2664M free)
TotalPageFile size 12196M (AvailPageFile size 4M)
current process WorkingSet (physical memory assigned to process): 16M, peak: 16M
current process commit charge ("private bytes"): 151M, peak: 157M

vm_info: OpenJDK 64-Bit Server VM (21.0.6+7-LTS) for windows-amd64 JRE (21.0.6+7-LTS), built on 2025-01-21T00:00:00Z by "admin" with MS VC++ 17.7 (VS2022)

END.
