#
# There is insufficient memory for the Java Runtime Environment to continue.
# Native memory allocation (malloc) failed to allocate 431536 bytes. Error detail: Chunk::new
# Possible reasons:
#   The system is out of physical RAM or swap space
#   This process is running with CompressedOops enabled, and the Java Heap may be blocking the growth of the native heap
# Possible solutions:
#   Reduce memory load on the system
#   Increase physical memory or swap space
#   Check if swap backing store is full
#   Decrease Java heap size (-Xmx/-Xms)
#   Decrease number of Java threads
#   Decrease Java thread stack sizes (-Xss)
#   Set larger code cache with -XX:ReservedCodeCacheSize=
#   JVM is running with Unscaled Compressed Oops mode in which the Java heap is
#     placed in the first 4GB address space. The Java Heap base address is the
#     maximum limit for the native heap growth. Please use -XX:HeapBaseMinAddress
#     to set the Java Heap base and to place the Java Heap above 4GB virtual address.
# This output file may be truncated or incomplete.
#
#  Out of Memory Error (arena.cpp:168), pid=11324, tid=6656
#
# JRE version: OpenJDK Runtime Environment Temurin-21.0.6+7 (21.0.6+7) (build 21.0.6+7-LTS)
# Java VM: OpenJDK 64-Bit Server VM Temurin-21.0.6+7 (21.0.6+7-LTS, mixed mode, sharing, tiered, compressed oops, compressed class ptrs, parallel gc, windows-amd64)
# No core dump will be written. Minidumps are not enabled by default on client versions of Windows
#

---------------  S U M M A R Y ------------

Command Line: --add-modules=ALL-SYSTEM --add-opens=java.base/java.util=ALL-UNNAMED --add-opens=java.base/java.lang=ALL-UNNAMED --add-opens=java.base/sun.nio.fs=ALL-UNNAMED -Declipse.application=org.eclipse.jdt.ls.core.id1 -Dosgi.bundles.defaultStartLevel=4 -Declipse.product=org.eclipse.jdt.ls.core.product -Djava.import.generatesMetadataFilesAtProjectRoot=false -DDetectVMInstallationsJob.disabled=true -Dfile.encoding=utf8 -XX:+UseParallelGC -XX:GCTimeRatio=4 -XX:AdaptiveSizePolicyWeight=90 -Dsun.zip.disableMemoryMapping=true -Xmx1G -Xms100m -Xlog:disable -javaagent:c:\Users\Surafel_Pc\.vscode\extensions\redhat.java-1.40.0-win32-x64\lombok\lombok-1.18.36.jar -XX:+HeapDumpOnOutOfMemoryError -XX:HeapDumpPath=c:\Users\Surafel_Pc\AppData\Roaming\Code\User\workspaceStorage\5ebe8adba00e4c222bc02e3cb83f1796\redhat.java -Daether.dependencyCollector.impl=bf c:\Users\Surafel_Pc\.vscode\extensions\redhat.java-1.40.0-win32-x64\server\plugins\org.eclipse.equinox.launcher_1.6.1000.v20250131-0606.jar -configuration c:\Users\Surafel_Pc\AppData\Roaming\Code\User\globalStorage\redhat.java\1.40.0\config_win -data c:\Users\Surafel_Pc\AppData\Roaming\Code\User\workspaceStorage\5ebe8adba00e4c222bc02e3cb83f1796\redhat.java\jdt_ws --pipe=\\.\pipe\lsp-aecc0a7c6d5e2df169729ad0beca4e6a-sock

Host: Intel(R) Core(TM) i5-4590 CPU @ 3.30GHz, 4 cores, 9G,  Windows 10 , 64 bit Build 19041 (10.0.19041.5198)
Time: Thu Mar 27 14:28:42 2025 Pacific Daylight Time elapsed time: 63.930775 seconds (0d 0h 1m 3s)

---------------  T H R E A D  ---------------

Current thread (0x000001f458602450):  JavaThread "C2 CompilerThread0" daemon [_thread_in_native, id=6656, stack(0x000000047ee00000,0x000000047ef00000) (1024K)]


Current CompileTask:
C2:63930 9301       4       org.eclipse.jdt.internal.compiler.classfmt.MethodInfo::decodeCodeAttribute (143 bytes)

Stack: [0x000000047ee00000,0x000000047ef00000]
Native frames: (J=compiled Java code, j=interpreted, Vv=VM code, C=native code)
V  [jvm.dll+0x6cdee9]
V  [jvm.dll+0x8a83d1]
V  [jvm.dll+0x8aa8fe]
V  [jvm.dll+0x8aafe3]
V  [jvm.dll+0x27f706]
V  [jvm.dll+0xc500d]
V  [jvm.dll+0xc5543]
V  [jvm.dll+0x3b6752]
V  [jvm.dll+0x382935]
V  [jvm.dll+0x381d9a]
V  [jvm.dll+0x2479f0]
V  [jvm.dll+0x246fcf]
V  [jvm.dll+0x1c75ee]
V  [jvm.dll+0x25685a]
V  [jvm.dll+0x254dfa]
V  [jvm.dll+0x3f0256]
V  [jvm.dll+0x851f8b]
V  [jvm.dll+0x6cc5ed]
C  [ucrtbase.dll+0x21bb2]
C  [KERNEL32.DLL+0x17374]
C  [ntdll.dll+0x4cc91]


---------------  P R O C E S S  ---------------

Threads class SMR info:
_java_thread_list=0x000001f460a96f50, length=46, elements={
0x000001f4442c25c0, 0x000001f4585ebf60, 0x000001f4585ed860, 0x000001f4585ef3e0,
0x000001f4585f02f0, 0x000001f4585f2aa0, 0x000001f4585f5500, 0x000001f458602450,
0x000001f45860cf10, 0x000001f45938c890, 0x000001f4595f4520, 0x000001f459891930,
0x000001f459ca2620, 0x000001f45979ebd0, 0x000001f459958060, 0x000001f4586a8c00,
0x000001f45e278870, 0x000001f45960ec80, 0x000001f45960f310, 0x000001f45960f9a0,
0x000001f459610030, 0x000001f45960e5f0, 0x000001f45960cbb0, 0x000001f45960d240,
0x000001f45960d8d0, 0x000001f45960df60, 0x000001f45fd23c50, 0x000001f45fd242e0,
0x000001f45fd27760, 0x000001f45fd22f30, 0x000001f45fd20e60, 0x000001f45fd21b80,
0x000001f45fd24970, 0x000001f45fd22210, 0x000001f45fd214f0, 0x000001f45fd26a40,
0x000001f45fd263b0, 0x000001f45fd270d0, 0x000001f45fd27df0, 0x000001f45fd228a0,
0x000001f45fd235c0, 0x000001f45fd25000, 0x000001f46b05dff0, 0x000001f46b0600c0,
0x000001f46b05cc40, 0x000001f45ee1ace0
}

Java Threads: ( => current thread )
  0x000001f4442c25c0 JavaThread "main"                              [_thread_blocked, id=10172, stack(0x000000047e400000,0x000000047e500000) (1024K)]
  0x000001f4585ebf60 JavaThread "Reference Handler"          daemon [_thread_blocked, id=4480, stack(0x000000047e800000,0x000000047e900000) (1024K)]
  0x000001f4585ed860 JavaThread "Finalizer"                  daemon [_thread_blocked, id=6124, stack(0x000000047e900000,0x000000047ea00000) (1024K)]
  0x000001f4585ef3e0 JavaThread "Signal Dispatcher"          daemon [_thread_blocked, id=6500, stack(0x000000047ea00000,0x000000047eb00000) (1024K)]
  0x000001f4585f02f0 JavaThread "Attach Listener"            daemon [_thread_blocked, id=11880, stack(0x000000047eb00000,0x000000047ec00000) (1024K)]
  0x000001f4585f2aa0 JavaThread "Service Thread"             daemon [_thread_blocked, id=6372, stack(0x000000047ec00000,0x000000047ed00000) (1024K)]
  0x000001f4585f5500 JavaThread "Monitor Deflation Thread"   daemon [_thread_blocked, id=11668, stack(0x000000047ed00000,0x000000047ee00000) (1024K)]
=>0x000001f458602450 JavaThread "C2 CompilerThread0"         daemon [_thread_in_native, id=6656, stack(0x000000047ee00000,0x000000047ef00000) (1024K)]
  0x000001f45860cf10 JavaThread "C1 CompilerThread0"         daemon [_thread_in_vm, id=5184, stack(0x000000047ef00000,0x000000047f000000) (1024K)]
  0x000001f45938c890 JavaThread "Common-Cleaner"             daemon [_thread_blocked, id=11344, stack(0x000000047f000000,0x000000047f100000) (1024K)]
  0x000001f4595f4520 JavaThread "Notification Thread"        daemon [_thread_blocked, id=10368, stack(0x000000047f100000,0x000000047f200000) (1024K)]
  0x000001f459891930 JavaThread "Active Thread: Equinox Container: 26a900a1-f27a-4581-9a7f-6ca570f6ba2b"        [_thread_blocked, id=11288, stack(0x000000047f500000,0x000000047f600000) (1024K)]
  0x000001f459ca2620 JavaThread "Refresh Thread: Equinox Container: 26a900a1-f27a-4581-9a7f-6ca570f6ba2b" daemon [_thread_blocked, id=2956, stack(0x000000047f600000,0x000000047f700000) (1024K)]
  0x000001f45979ebd0 JavaThread "Framework Event Dispatcher: Equinox Container: 26a900a1-f27a-4581-9a7f-6ca570f6ba2b" daemon [_thread_blocked, id=1028, stack(0x000000047f700000,0x000000047f800000) (1024K)]
  0x000001f459958060 JavaThread "Start Level: Equinox Container: 26a900a1-f27a-4581-9a7f-6ca570f6ba2b" daemon [_thread_blocked, id=9228, stack(0x000000047f800000,0x000000047f900000) (1024K)]
  0x000001f4586a8c00 JavaThread "Bundle File Closer"         daemon [_thread_blocked, id=9764, stack(0x000000047f900000,0x000000047fa00000) (1024K)]
  0x000001f45e278870 JavaThread "SCR Component Actor"        daemon [_thread_blocked, id=10456, stack(0x000000047fa00000,0x000000047fb00000) (1024K)]
  0x000001f45960ec80 JavaThread "Worker-JM"                         [_thread_blocked, id=9116, stack(0x000000047fd00000,0x000000047fe00000) (1024K)]
  0x000001f45960f310 JavaThread "JNA Cleaner"                daemon [_thread_blocked, id=5464, stack(0x000000047fc00000,0x000000047fd00000) (1024K)]
  0x000001f45960f9a0 JavaThread "Worker-0"                          [_thread_blocked, id=8168, stack(0x000000047fe00000,0x000000047ff00000) (1024K)]
  0x000001f459610030 JavaThread "Worker-1"                          [_thread_blocked, id=844, stack(0x000000047ff00000,0x0000000480000000) (1024K)]
  0x000001f45960e5f0 JavaThread "Worker-2"                          [_thread_blocked, id=12232, stack(0x0000000400000000,0x0000000400100000) (1024K)]
  0x000001f45960cbb0 JavaThread "Java indexing"              daemon [_thread_blocked, id=8740, stack(0x0000000400200000,0x0000000400300000) (1024K)]
  0x000001f45960d240 JavaThread "Worker-3: Check JDK Index"         [_thread_blocked, id=8728, stack(0x0000000400500000,0x0000000400600000) (1024K)]
  0x000001f45960d8d0 JavaThread "Worker-4"                          [_thread_blocked, id=4720, stack(0x0000000400600000,0x0000000400700000) (1024K)]
  0x000001f45960df60 JavaThread "Worker-5: Initialize workspace"        [_thread_in_vm, id=2292, stack(0x0000000400700000,0x0000000400800000) (1024K)]
  0x000001f45fd23c50 JavaThread "Thread-2"                   daemon [_thread_in_native, id=9868, stack(0x0000000400800000,0x0000000400900000) (1024K)]
  0x000001f45fd242e0 JavaThread "Thread-3"                   daemon [_thread_in_native, id=4444, stack(0x0000000400900000,0x0000000400a00000) (1024K)]
  0x000001f45fd27760 JavaThread "Thread-4"                   daemon [_thread_in_native, id=1508, stack(0x0000000400a00000,0x0000000400b00000) (1024K)]
  0x000001f45fd22f30 JavaThread "Thread-5"                   daemon [_thread_in_native, id=10788, stack(0x0000000400b00000,0x0000000400c00000) (1024K)]
  0x000001f45fd20e60 JavaThread "Thread-6"                   daemon [_thread_in_native, id=3716, stack(0x0000000400c00000,0x0000000400d00000) (1024K)]
  0x000001f45fd21b80 JavaThread "pool-2-thread-1"                   [_thread_blocked, id=9792, stack(0x0000000400d00000,0x0000000400e00000) (1024K)]
  0x000001f45fd24970 JavaThread "Worker-6: Publish Diagnostics"        [_thread_in_vm, id=7364, stack(0x0000000400e00000,0x0000000400f00000) (1024K)]
  0x000001f45fd22210 JavaThread "Worker-7: Java indexing... "        [_thread_blocked, id=12088, stack(0x0000000400f00000,0x0000000401000000) (1024K)]
  0x000001f45fd214f0 JavaThread "WorkspaceEventsHandler"            [_thread_blocked, id=10116, stack(0x0000000401000000,0x0000000401100000) (1024K)]
  0x000001f45fd26a40 JavaThread "pool-1-thread-1"                   [_thread_blocked, id=9364, stack(0x0000000401100000,0x0000000401200000) (1024K)]
  0x000001f45fd263b0 JavaThread "Compiler Source File Reader" daemon [_thread_blocked, id=10844, stack(0x0000000401200000,0x0000000401300000) (1024K)]
  0x000001f45fd270d0 JavaThread "Compiler Source File Reader" daemon [_thread_blocked, id=4840, stack(0x0000000401300000,0x0000000401400000) (1024K)]
  0x000001f45fd27df0 JavaThread "Compiler Processing Task"   daemon [_thread_blocked, id=3932, stack(0x0000000401500000,0x0000000401600000) (1024K)]
  0x000001f45fd228a0 JavaThread "Compiler Class File Writer" daemon [_thread_blocked, id=12040, stack(0x0000000401600000,0x0000000401700000) (1024K)]
  0x000001f45fd235c0 JavaThread "Compiler Class File Writer" daemon [_thread_blocked, id=11888, stack(0x0000000401700000,0x0000000401800000) (1024K)]
  0x000001f45fd25000 JavaThread "Keep-Alive-Timer"           daemon [_thread_blocked, id=968, stack(0x0000000401800000,0x0000000401900000) (1024K)]
  0x000001f46b05dff0 JavaThread "ForkJoinPool.commonPool-worker-1" daemon [_thread_in_vm, id=12092, stack(0x0000000401900000,0x0000000401a00000) (1024K)]
  0x000001f46b0600c0 JavaThread "ForkJoinPool.commonPool-worker-2" daemon [_thread_blocked, id=5856, stack(0x0000000401a00000,0x0000000401b00000) (1024K)]
  0x000001f46b05cc40 JavaThread "ForkJoinPool.commonPool-worker-3" daemon [_thread_blocked, id=10280, stack(0x0000000401b00000,0x0000000401c00000) (1024K)]
  0x000001f45ee1ace0 JavaThread "C2 CompilerThread1"         daemon [_thread_in_native, id=840, stack(0x0000000400100000,0x0000000400200000) (1024K)]
Total: 46

Other Threads:
  0x000001f4443812c0 VMThread "VM Thread"                           [id=6480, stack(0x000000047e700000,0x000000047e800000) (1024K)] _threads_hazard_ptr=0x000001f460a96f50
  0x000001f44432e5d0 WatcherThread "VM Periodic Task Thread"        [id=7980, stack(0x000000047e600000,0x000000047e700000) (1024K)]
  0x000001f4442e0a20 WorkerThread "GC Thread#0"                     [id=9892, stack(0x000000047e500000,0x000000047e600000) (1024K)]
  0x000001f4586abf60 WorkerThread "GC Thread#1"                     [id=11632, stack(0x000000047f200000,0x000000047f300000) (1024K)]
  0x000001f459814030 WorkerThread "GC Thread#2"                     [id=7128, stack(0x000000047f300000,0x000000047f400000) (1024K)]
  0x000001f4598143d0 WorkerThread "GC Thread#3"                     [id=2868, stack(0x000000047f400000,0x000000047f500000) (1024K)]
Total: 6

Threads with active compile tasks:
C2 CompilerThread0  64325 9301       4       org.eclipse.jdt.internal.compiler.classfmt.MethodInfo::decodeCodeAttribute (143 bytes)
C1 CompilerThread0  64325 9357       3       org.eclipse.jdt.internal.core.JavaModelManager::isDeprecatedOption (24 bytes)
C2 CompilerThread1  64325 9321       4       java.util.HashSet::add (20 bytes)
Total: 3

VM state: synchronizing (normal execution)

VM Mutex/Monitor currently owned by a thread:  ([mutex/lock_event])
[0x00007ff83faac300] Metaspace_lock - owner thread: 0x000001f45fd24970
[0x00007ff83faae380] Threads_lock - owner thread: 0x000001f4443812c0
[0x00007ff83faae480] Heap_lock - owner thread: 0x000001f45960cbb0

Heap address: 0x00000000c0000000, size: 1024 MB, Compressed Oops mode: 32-bit

CDS archive(s) mapped at: [0x000001f400000000-0x000001f400ba0000-0x000001f400ba0000), size 12189696, SharedBaseAddress: 0x000001f400000000, ArchiveRelocationMode: 1.
Compressed class space mapped at: 0x000001f401000000-0x000001f441000000, reserved size: 1073741824
Narrow klass base: 0x000001f400000000, Narrow klass shift: 0, Narrow klass range: 0x100000000

GC Precious Log:
 CardTable entry size: 512
 CPUs: 4 total, 4 available
 Memory: 10148M
 Large Page Support: Disabled
 NUMA Support: Disabled
 Compressed Oops: Enabled (32-bit)
 Alignments: Space 512K, Generation 512K, Heap 2M
 Heap Min Capacity: 100M
 Heap Initial Capacity: 100M
 Heap Max Capacity: 1G
 Pre-touch: Disabled
 Parallel Workers: 4

Heap:
 PSYoungGen      total 17408K, used 16980K [0x00000000eab00000, 0x00000000ec000000, 0x0000000100000000)
  eden space 13312K, 100% used [0x00000000eab00000,0x00000000eb800000,0x00000000eb800000)
  from space 4096K, 89% used [0x00000000ebc00000,0x00000000ebf95390,0x00000000ec000000)
  to   space 4096K, 0% used [0x00000000eb800000,0x00000000eb800000,0x00000000ebc00000)
 ParOldGen       total 80384K, used 80290K [0x00000000c0000000, 0x00000000c4e80000, 0x00000000eab00000)
  object space 80384K, 99% used [0x00000000c0000000,0x00000000c4e688d0,0x00000000c4e80000)
 Metaspace       used 64681K, committed 66048K, reserved 1114112K
  class space    used 6810K, committed 7424K, reserved 1048576K

Card table byte_map: [0x000001f443c70000,0x000001f443e80000] _byte_map_base: 0x000001f443670000

Marking Bits: (ParMarkBitMap*) 0x00007ff83fab3260
 Begin Bits: [0x000001f4564c0000, 0x000001f4574c0000)
 End Bits:   [0x000001f4574c0000, 0x000001f4584c0000)

Polling page: 0x000001f442060000

Metaspace:

Usage:
  Non-class:     56.52 MB used.
      Class:      6.65 MB used.
       Both:     63.17 MB used.

Virtual space:
  Non-class space:       64.00 MB reserved,      57.25 MB ( 89%) committed,  1 nodes.
      Class space:        1.00 GB reserved,       7.25 MB ( <1%) committed,  1 nodes.
             Both:        1.06 GB reserved,      64.50 MB (  6%) committed. 

Chunk freelists:
   Non-Class:  6.33 MB
       Class:  8.73 MB
        Both:  15.06 MB

MaxMetaspaceSize: unlimited
CompressedClassSpaceSize: 1.00 GB
Initial GC threshold: 21.00 MB
Current GC threshold: 97.31 MB
CDS: on
 - commit_granule_bytes: 65536.
 - commit_granule_words: 8192.
 - virtual_space_node_default_size: 8388608.
 - enlarge_chunks_in_place: 1.
 - use_allocation_guard: 0.


Internal statistics:

num_allocs_failed_limit: 9.
num_arena_births: 988.
num_arena_deaths: 14.
num_vsnodes_births: 2.
num_vsnodes_deaths: 0.
num_space_committed: 1032.
num_space_uncommitted: 0.
num_chunks_returned_to_freelist: 23.
num_chunks_taken_from_freelist: 3756.
num_chunk_merges: 15.
num_chunk_splits: 2341.
num_chunks_enlarged: 1353.
num_inconsistent_stats: 0.

CodeHeap 'non-profiled nmethods': size=120000Kb used=5870Kb max_used=5870Kb free=114129Kb
 bounds [0x000001f44ef90000, 0x000001f44f550000, 0x000001f4564c0000]
CodeHeap 'profiled nmethods': size=120000Kb used=18692Kb max_used=18692Kb free=101307Kb
 bounds [0x000001f4474c0000, 0x000001f448710000, 0x000001f44e9f0000]
CodeHeap 'non-nmethods': size=5760Kb used=1471Kb max_used=1534Kb free=4288Kb
 bounds [0x000001f44e9f0000, 0x000001f44ec60000, 0x000001f44ef90000]
 total_blobs=9261 nmethods=8469 adapters=698
 compilation: enabled
              stopped_count=0, restarted_count=0
 full_count=0

Compilation events (20 events):
Event: 63.695 Thread 0x000001f45860cf10 nmethod 9347 0x000001f4486f3990 code [0x000001f4486f3c60, 0x000001f4486f51d0]
Event: 63.695 Thread 0x000001f45860cf10 9346       3       org.eclipse.jdt.internal.compiler.lookup.AnnotatableTypeSystem::flattenedAnnotations (146 bytes)
Event: 63.695 Thread 0x000001f45860cf10 nmethod 9346 0x000001f4486f5810 code [0x000001f4486f5a20, 0x000001f4486f6280]
Event: 63.695 Thread 0x000001f45860cf10 9348       3       org.eclipse.jdt.internal.compiler.lookup.LookupEnvironment::annotateType (151 bytes)
Event: 63.696 Thread 0x000001f45860cf10 nmethod 9348 0x000001f4486f6510 code [0x000001f4486f67a0, 0x000001f4486f7488]
Event: 63.696 Thread 0x000001f45860cf10 9353       3       org.eclipse.jdt.internal.core.PackageFragment::calculateHashCode (18 bytes)
Event: 63.696 Thread 0x000001f45860cf10 nmethod 9353 0x000001f4486f7890 code [0x000001f4486f7a60, 0x000001f4486f7e50]
Event: 63.696 Thread 0x000001f45860cf10 9350       3       org.eclipse.jdt.internal.compiler.lookup.MethodScope::referenceMethod (20 bytes)
Event: 63.696 Thread 0x000001f45860cf10 nmethod 9350 0x000001f4486f7f90 code [0x000001f4486f8140, 0x000001f4486f8498]
Event: 63.696 Thread 0x000001f45860cf10 9349       3       org.eclipse.jdt.internal.compiler.lookup.TypeSystem::getArrayType (7 bytes)
Event: 63.696 Thread 0x000001f45860cf10 nmethod 9349 0x000001f4486f8590 code [0x000001f4486f8740, 0x000001f4486f8908]
Event: 63.696 Thread 0x000001f45860cf10 9351   !   3       org.eclipse.jdt.internal.core.JavaModelManager::secondaryTypes (167 bytes)
Event: 63.698 Thread 0x000001f45860cf10 nmethod 9351 0x000001f4486f8a10 code [0x000001f4486f8da0, 0x000001f4486fa1e8]
Event: 63.698 Thread 0x000001f45860cf10 9352       3       org.eclipse.jdt.internal.core.JavaModelManager$SecondaryTypesCache::isIndexingDone (18 bytes)
Event: 63.698 Thread 0x000001f45860cf10 nmethod 9352 0x000001f4486faa90 code [0x000001f4486fac40, 0x000001f4486fade8]
Event: 63.698 Thread 0x000001f45860cf10 9354       3       org.eclipse.jdt.internal.core.JavaModelManager::getOption (159 bytes)
Event: 63.699 Thread 0x000001f45860cf10 nmethod 9354 0x000001f4486fae90 code [0x000001f4486fb260, 0x000001f4486fcb40]
Event: 63.699 Thread 0x000001f45860cf10 9355       3       java.net.URI::decode (376 bytes)
Event: 63.702 Thread 0x000001f45860cf10 nmethod 9355 0x000001f4486fd310 code [0x000001f4486fd8e0, 0x000001f448700978]
Event: 63.702 Thread 0x000001f45860cf10 9357       3       org.eclipse.jdt.internal.core.JavaModelManager::isDeprecatedOption (24 bytes)

GC Heap History (20 events):
Event: 61.038 GC heap before
{Heap before GC invocations=40 (full 3):
 PSYoungGen      total 20992K, used 20642K [0x00000000eab00000, 0x00000000ec400000, 0x0000000100000000)
  eden space 16896K, 100% used [0x00000000eab00000,0x00000000ebb80000,0x00000000ebb80000)
  from space 4096K, 91% used [0x00000000ec000000,0x00000000ec3a8ba8,0x00000000ec400000)
  to   space 4096K, 0% used [0x00000000ebb80000,0x00000000ebb80000,0x00000000ebf80000)
 ParOldGen       total 68608K, used 48096K [0x00000000c0000000, 0x00000000c4300000, 0x00000000eab00000)
  object space 68608K, 70% used [0x00000000c0000000,0x00000000c2ef8260,0x00000000c4300000)
 Metaspace       used 61072K, committed 62400K, reserved 1114112K
  class space    used 6423K, committed 7040K, reserved 1048576K
}
Event: 61.047 GC heap after
{Heap after GC invocations=40 (full 3):
 PSYoungGen      total 20992K, used 3922K [0x00000000eab00000, 0x00000000ec380000, 0x0000000100000000)
  eden space 16896K, 0% used [0x00000000eab00000,0x00000000eab00000,0x00000000ebb80000)
  from space 4096K, 95% used [0x00000000ebb80000,0x00000000ebf54a00,0x00000000ebf80000)
  to   space 4096K, 0% used [0x00000000ebf80000,0x00000000ebf80000,0x00000000ec380000)
 ParOldGen       total 68608K, used 51655K [0x00000000c0000000, 0x00000000c4300000, 0x00000000eab00000)
  object space 68608K, 75% used [0x00000000c0000000,0x00000000c3271c58,0x00000000c4300000)
 Metaspace       used 61072K, committed 62400K, reserved 1114112K
  class space    used 6423K, committed 7040K, reserved 1048576K
}
Event: 61.191 GC heap before
{Heap before GC invocations=41 (full 3):
 PSYoungGen      total 20992K, used 20818K [0x00000000eab00000, 0x00000000ec380000, 0x0000000100000000)
  eden space 16896K, 100% used [0x00000000eab00000,0x00000000ebb80000,0x00000000ebb80000)
  from space 4096K, 95% used [0x00000000ebb80000,0x00000000ebf54a00,0x00000000ebf80000)
  to   space 4096K, 0% used [0x00000000ebf80000,0x00000000ebf80000,0x00000000ec380000)
 ParOldGen       total 68608K, used 51655K [0x00000000c0000000, 0x00000000c4300000, 0x00000000eab00000)
  object space 68608K, 75% used [0x00000000c0000000,0x00000000c3271c58,0x00000000c4300000)
 Metaspace       used 61403K, committed 62656K, reserved 1114112K
  class space    used 6445K, committed 7040K, reserved 1048576K
}
Event: 61.196 GC heap after
{Heap after GC invocations=41 (full 3):
 PSYoungGen      total 20480K, used 4085K [0x00000000eab00000, 0x00000000ec480000, 0x0000000100000000)
  eden space 16384K, 0% used [0x00000000eab00000,0x00000000eab00000,0x00000000ebb00000)
  from space 4096K, 99% used [0x00000000ebf80000,0x00000000ec37d4f8,0x00000000ec380000)
  to   space 4608K, 0% used [0x00000000ebb00000,0x00000000ebb00000,0x00000000ebf80000)
 ParOldGen       total 68608K, used 55234K [0x00000000c0000000, 0x00000000c4300000, 0x00000000eab00000)
  object space 68608K, 80% used [0x00000000c0000000,0x00000000c35f0a08,0x00000000c4300000)
 Metaspace       used 61403K, committed 62656K, reserved 1114112K
  class space    used 6445K, committed 7040K, reserved 1048576K
}
Event: 61.692 GC heap before
{Heap before GC invocations=42 (full 3):
 PSYoungGen      total 20480K, used 20469K [0x00000000eab00000, 0x00000000ec480000, 0x0000000100000000)
  eden space 16384K, 100% used [0x00000000eab00000,0x00000000ebb00000,0x00000000ebb00000)
  from space 4096K, 99% used [0x00000000ebf80000,0x00000000ec37d4f8,0x00000000ec380000)
  to   space 4608K, 0% used [0x00000000ebb00000,0x00000000ebb00000,0x00000000ebf80000)
 ParOldGen       total 68608K, used 55234K [0x00000000c0000000, 0x00000000c4300000, 0x00000000eab00000)
  object space 68608K, 80% used [0x00000000c0000000,0x00000000c35f0a08,0x00000000c4300000)
 Metaspace       used 61407K, committed 62656K, reserved 1114112K
  class space    used 6445K, committed 7040K, reserved 1048576K
}
Event: 61.698 GC heap after
{Heap after GC invocations=42 (full 3):
 PSYoungGen      total 20480K, used 3807K [0x00000000eab00000, 0x00000000ec300000, 0x0000000100000000)
  eden space 16384K, 0% used [0x00000000eab00000,0x00000000eab00000,0x00000000ebb00000)
  from space 4096K, 92% used [0x00000000ebb00000,0x00000000ebeb7fd8,0x00000000ebf00000)
  to   space 4096K, 0% used [0x00000000ebf00000,0x00000000ebf00000,0x00000000ec300000)
 ParOldGen       total 68608K, used 59110K [0x00000000c0000000, 0x00000000c4300000, 0x00000000eab00000)
  object space 68608K, 86% used [0x00000000c0000000,0x00000000c39b9a08,0x00000000c4300000)
 Metaspace       used 61407K, committed 62656K, reserved 1114112K
  class space    used 6445K, committed 7040K, reserved 1048576K
}
Event: 61.887 GC heap before
{Heap before GC invocations=43 (full 3):
 PSYoungGen      total 20480K, used 20191K [0x00000000eab00000, 0x00000000ec300000, 0x0000000100000000)
  eden space 16384K, 100% used [0x00000000eab00000,0x00000000ebb00000,0x00000000ebb00000)
  from space 4096K, 92% used [0x00000000ebb00000,0x00000000ebeb7fd8,0x00000000ebf00000)
  to   space 4096K, 0% used [0x00000000ebf00000,0x00000000ebf00000,0x00000000ec300000)
 ParOldGen       total 68608K, used 59110K [0x00000000c0000000, 0x00000000c4300000, 0x00000000eab00000)
  object space 68608K, 86% used [0x00000000c0000000,0x00000000c39b9a08,0x00000000c4300000)
 Metaspace       used 61412K, committed 62656K, reserved 1114112K
  class space    used 6445K, committed 7040K, reserved 1048576K
}
Event: 61.893 GC heap after
{Heap after GC invocations=43 (full 3):
 PSYoungGen      total 20480K, used 3748K [0x00000000eab00000, 0x00000000ec300000, 0x0000000100000000)
  eden space 16384K, 0% used [0x00000000eab00000,0x00000000eab00000,0x00000000ebb00000)
  from space 4096K, 91% used [0x00000000ebf00000,0x00000000ec2a9208,0x00000000ec300000)
  to   space 4096K, 0% used [0x00000000ebb00000,0x00000000ebb00000,0x00000000ebf00000)
 ParOldGen       total 68608K, used 62651K [0x00000000c0000000, 0x00000000c4300000, 0x00000000eab00000)
  object space 68608K, 91% used [0x00000000c0000000,0x00000000c3d2ed90,0x00000000c4300000)
 Metaspace       used 61412K, committed 62656K, reserved 1114112K
  class space    used 6445K, committed 7040K, reserved 1048576K
}
Event: 62.147 GC heap before
{Heap before GC invocations=44 (full 3):
 PSYoungGen      total 20480K, used 20132K [0x00000000eab00000, 0x00000000ec300000, 0x0000000100000000)
  eden space 16384K, 100% used [0x00000000eab00000,0x00000000ebb00000,0x00000000ebb00000)
  from space 4096K, 91% used [0x00000000ebf00000,0x00000000ec2a9208,0x00000000ec300000)
  to   space 4096K, 0% used [0x00000000ebb00000,0x00000000ebb00000,0x00000000ebf00000)
 ParOldGen       total 68608K, used 62651K [0x00000000c0000000, 0x00000000c4300000, 0x00000000eab00000)
  object space 68608K, 91% used [0x00000000c0000000,0x00000000c3d2ed90,0x00000000c4300000)
 Metaspace       used 61568K, committed 62912K, reserved 1114112K
  class space    used 6466K, committed 7104K, reserved 1048576K
}
Event: 62.154 GC heap after
{Heap after GC invocations=44 (full 3):
 PSYoungGen      total 20480K, used 3509K [0x00000000eab00000, 0x00000000ec300000, 0x0000000100000000)
  eden space 16384K, 0% used [0x00000000eab00000,0x00000000eab00000,0x00000000ebb00000)
  from space 4096K, 85% used [0x00000000ebb00000,0x00000000ebe6d580,0x00000000ebf00000)
  to   space 4096K, 0% used [0x00000000ebf00000,0x00000000ebf00000,0x00000000ec300000)
 ParOldGen       total 68608K, used 66231K [0x00000000c0000000, 0x00000000c4300000, 0x00000000eab00000)
  object space 68608K, 96% used [0x00000000c0000000,0x00000000c40add48,0x00000000c4300000)
 Metaspace       used 61568K, committed 62912K, reserved 1114112K
  class space    used 6466K, committed 7104K, reserved 1048576K
}
Event: 62.328 GC heap before
{Heap before GC invocations=45 (full 3):
 PSYoungGen      total 20480K, used 19893K [0x00000000eab00000, 0x00000000ec300000, 0x0000000100000000)
  eden space 16384K, 99% used [0x00000000eab00000,0x00000000ebaffff8,0x00000000ebb00000)
  from space 4096K, 85% used [0x00000000ebb00000,0x00000000ebe6d580,0x00000000ebf00000)
  to   space 4096K, 0% used [0x00000000ebf00000,0x00000000ebf00000,0x00000000ec300000)
 ParOldGen       total 68608K, used 66231K [0x00000000c0000000, 0x00000000c4300000, 0x00000000eab00000)
  object space 68608K, 96% used [0x00000000c0000000,0x00000000c40add48,0x00000000c4300000)
 Metaspace       used 62359K, committed 63680K, reserved 1114112K
  class space    used 6564K, committed 7168K, reserved 1048576K
}
Event: 62.332 GC heap after
{Heap after GC invocations=45 (full 3):
 PSYoungGen      total 18944K, used 2246K [0x00000000eab00000, 0x00000000ec180000, 0x0000000100000000)
  eden space 16384K, 0% used [0x00000000eab00000,0x00000000eab00000,0x00000000ebb00000)
  from space 2560K, 87% used [0x00000000ebf00000,0x00000000ec131878,0x00000000ec180000)
  to   space 3072K, 0% used [0x00000000ebb80000,0x00000000ebb80000,0x00000000ebe80000)
 ParOldGen       total 69632K, used 69562K [0x00000000c0000000, 0x00000000c4400000, 0x00000000eab00000)
  object space 69632K, 99% used [0x00000000c0000000,0x00000000c43ee990,0x00000000c4400000)
 Metaspace       used 62359K, committed 63680K, reserved 1114112K
  class space    used 6564K, committed 7168K, reserved 1048576K
}
Event: 62.580 GC heap before
{Heap before GC invocations=46 (full 3):
 PSYoungGen      total 18944K, used 18630K [0x00000000eab00000, 0x00000000ec180000, 0x0000000100000000)
  eden space 16384K, 100% used [0x00000000eab00000,0x00000000ebb00000,0x00000000ebb00000)
  from space 2560K, 87% used [0x00000000ebf00000,0x00000000ec131878,0x00000000ec180000)
  to   space 3072K, 0% used [0x00000000ebb80000,0x00000000ebb80000,0x00000000ebe80000)
 ParOldGen       total 69632K, used 69562K [0x00000000c0000000, 0x00000000c4400000, 0x00000000eab00000)
  object space 69632K, 99% used [0x00000000c0000000,0x00000000c43ee990,0x00000000c4400000)
 Metaspace       used 63129K, committed 64448K, reserved 1114112K
  class space    used 6648K, committed 7232K, reserved 1048576K
}
Event: 62.585 GC heap after
{Heap after GC invocations=46 (full 3):
 PSYoungGen      total 19456K, used 2909K [0x00000000eab00000, 0x00000000ec100000, 0x0000000100000000)
  eden space 16384K, 0% used [0x00000000eab00000,0x00000000eab00000,0x00000000ebb00000)
  from space 3072K, 94% used [0x00000000ebb80000,0x00000000ebe57630,0x00000000ebe80000)
  to   space 2560K, 0% used [0x00000000ebe80000,0x00000000ebe80000,0x00000000ec100000)
 ParOldGen       total 71680K, used 71652K [0x00000000c0000000, 0x00000000c4600000, 0x00000000eab00000)
  object space 71680K, 99% used [0x00000000c0000000,0x00000000c45f9280,0x00000000c4600000)
 Metaspace       used 63129K, committed 64448K, reserved 1114112K
  class space    used 6648K, committed 7232K, reserved 1048576K
}
Event: 62.841 GC heap before
{Heap before GC invocations=47 (full 3):
 PSYoungGen      total 19456K, used 19293K [0x00000000eab00000, 0x00000000ec100000, 0x0000000100000000)
  eden space 16384K, 100% used [0x00000000eab00000,0x00000000ebb00000,0x00000000ebb00000)
  from space 3072K, 94% used [0x00000000ebb80000,0x00000000ebe57630,0x00000000ebe80000)
  to   space 2560K, 0% used [0x00000000ebe80000,0x00000000ebe80000,0x00000000ec100000)
 ParOldGen       total 71680K, used 71652K [0x00000000c0000000, 0x00000000c4600000, 0x00000000eab00000)
  object space 71680K, 99% used [0x00000000c0000000,0x00000000c45f9280,0x00000000c4600000)
 Metaspace       used 63664K, committed 64960K, reserved 1114112K
  class space    used 6706K, committed 7296K, reserved 1048576K
}
Event: 62.845 GC heap after
{Heap after GC invocations=47 (full 3):
 PSYoungGen      total 15872K, used 2545K [0x00000000eab00000, 0x00000000ec800000, 0x0000000100000000)
  eden space 13312K, 0% used [0x00000000eab00000,0x00000000eab00000,0x00000000eb800000)
  from space 2560K, 99% used [0x00000000ebe80000,0x00000000ec0fc4b0,0x00000000ec100000)
  to   space 6656K, 0% used [0x00000000eb800000,0x00000000eb800000,0x00000000ebe80000)
 ParOldGen       total 75264K, used 75178K [0x00000000c0000000, 0x00000000c4980000, 0x00000000eab00000)
  object space 75264K, 99% used [0x00000000c0000000,0x00000000c496a918,0x00000000c4980000)
 Metaspace       used 63664K, committed 64960K, reserved 1114112K
  class space    used 6706K, committed 7296K, reserved 1048576K
}
Event: 62.994 GC heap before
{Heap before GC invocations=48 (full 3):
 PSYoungGen      total 15872K, used 15857K [0x00000000eab00000, 0x00000000ec800000, 0x0000000100000000)
  eden space 13312K, 100% used [0x00000000eab00000,0x00000000eb800000,0x00000000eb800000)
  from space 2560K, 99% used [0x00000000ebe80000,0x00000000ec0fc4b0,0x00000000ec100000)
  to   space 6656K, 0% used [0x00000000eb800000,0x00000000eb800000,0x00000000ebe80000)
 ParOldGen       total 75264K, used 75178K [0x00000000c0000000, 0x00000000c4980000, 0x00000000eab00000)
  object space 75264K, 99% used [0x00000000c0000000,0x00000000c496a918,0x00000000c4980000)
 Metaspace       used 63828K, committed 65152K, reserved 1114112K
  class space    used 6728K, committed 7360K, reserved 1048576K
}
Event: 62.998 GC heap after
{Heap after GC invocations=48 (full 3):
 PSYoungGen      total 16384K, used 2944K [0x00000000eab00000, 0x00000000ec000000, 0x0000000100000000)
  eden space 13312K, 0% used [0x00000000eab00000,0x00000000eab00000,0x00000000eb800000)
  from space 3072K, 95% used [0x00000000eb800000,0x00000000ebae03a0,0x00000000ebb00000)
  to   space 4096K, 0% used [0x00000000ebc00000,0x00000000ebc00000,0x00000000ec000000)
 ParOldGen       total 77824K, used 77539K [0x00000000c0000000, 0x00000000c4c00000, 0x00000000eab00000)
  object space 77824K, 99% used [0x00000000c0000000,0x00000000c4bb8db8,0x00000000c4c00000)
 Metaspace       used 63828K, committed 65152K, reserved 1114112K
  class space    used 6728K, committed 7360K, reserved 1048576K
}
Event: 63.409 GC heap before
{Heap before GC invocations=49 (full 3):
 PSYoungGen      total 16384K, used 16240K [0x00000000eab00000, 0x00000000ec000000, 0x0000000100000000)
  eden space 13312K, 99% used [0x00000000eab00000,0x00000000eb7fbfe0,0x00000000eb800000)
  from space 3072K, 95% used [0x00000000eb800000,0x00000000ebae03a0,0x00000000ebb00000)
  to   space 4096K, 0% used [0x00000000ebc00000,0x00000000ebc00000,0x00000000ec000000)
 ParOldGen       total 77824K, used 77539K [0x00000000c0000000, 0x00000000c4c00000, 0x00000000eab00000)
  object space 77824K, 99% used [0x00000000c0000000,0x00000000c4bb8db8,0x00000000c4c00000)
 Metaspace       used 64328K, committed 65728K, reserved 1114112K
  class space    used 6776K, committed 7360K, reserved 1048576K
}
Event: 63.412 GC heap after
{Heap after GC invocations=49 (full 3):
 PSYoungGen      total 17408K, used 3668K [0x00000000eab00000, 0x00000000ec000000, 0x0000000100000000)
  eden space 13312K, 0% used [0x00000000eab00000,0x00000000eab00000,0x00000000eb800000)
  from space 4096K, 89% used [0x00000000ebc00000,0x00000000ebf95390,0x00000000ec000000)
  to   space 4096K, 0% used [0x00000000eb800000,0x00000000eb800000,0x00000000ebc00000)
 ParOldGen       total 80384K, used 80290K [0x00000000c0000000, 0x00000000c4e80000, 0x00000000eab00000)
  object space 80384K, 99% used [0x00000000c0000000,0x00000000c4e688d0,0x00000000c4e80000)
 Metaspace       used 64328K, committed 65728K, reserved 1114112K
  class space    used 6776K, committed 7360K, reserved 1048576K
}

Dll operation events (12 events):
Event: 0.879 Loaded shared library c:\Users\Surafel_Pc\.vscode\extensions\redhat.java-1.40.0-win32-x64\jre\21.0.6-win32-x86_64\bin\java.dll
Event: 1.863 Loaded shared library c:\Users\Surafel_Pc\.vscode\extensions\redhat.java-1.40.0-win32-x64\jre\21.0.6-win32-x86_64\bin\zip.dll
Event: 2.108 Loaded shared library C:\Users\Surafel_Pc\.vscode\extensions\redhat.java-1.40.0-win32-x64\jre\21.0.6-win32-x86_64\bin\instrument.dll
Event: 2.153 Loaded shared library C:\Users\Surafel_Pc\.vscode\extensions\redhat.java-1.40.0-win32-x64\jre\21.0.6-win32-x86_64\bin\net.dll
Event: 2.184 Loaded shared library C:\Users\Surafel_Pc\.vscode\extensions\redhat.java-1.40.0-win32-x64\jre\21.0.6-win32-x86_64\bin\nio.dll
Event: 2.189 Loaded shared library C:\Users\Surafel_Pc\.vscode\extensions\redhat.java-1.40.0-win32-x64\jre\21.0.6-win32-x86_64\bin\zip.dll
Event: 2.468 Loaded shared library C:\Users\Surafel_Pc\.vscode\extensions\redhat.java-1.40.0-win32-x64\jre\21.0.6-win32-x86_64\bin\jimage.dll
Event: 3.164 Loaded shared library c:\Users\Surafel_Pc\.vscode\extensions\redhat.java-1.40.0-win32-x64\jre\21.0.6-win32-x86_64\bin\verify.dll
Event: 18.889 Loaded shared library C:\Users\Surafel_Pc\AppData\Roaming\Code\User\globalStorage\redhat.java\1.40.0\config_win\org.eclipse.equinox.launcher\org.eclipse.equinox.launcher.win32.win32.x86_64_1.2.1200.v20250212-0927\eclipse_11909.dll
Event: 47.435 Loaded shared library C:\Users\Surafel_Pc\AppData\Local\Temp\jna--127339658\jna2518735852094658495.dll
Event: 54.879 Loaded shared library C:\Users\Surafel_Pc\.vscode\extensions\redhat.java-1.40.0-win32-x64\jre\21.0.6-win32-x86_64\bin\sunmscapi.dll
Event: 55.559 Loaded shared library C:\Users\Surafel_Pc\.vscode\extensions\redhat.java-1.40.0-win32-x64\jre\21.0.6-win32-x86_64\bin\extnet.dll

Deoptimization events (20 events):
Event: 63.187 Thread 0x000001f45960cbb0 DEOPT PACKING pc=0x000001f448681653 sp=0x00000004002feab0
Event: 63.187 Thread 0x000001f45960cbb0 DEOPT UNPACKING pc=0x000001f44ea44242 sp=0x00000004002fe030 mode 0
Event: 63.281 Thread 0x000001f45960cbb0 DEOPT PACKING pc=0x000001f448681653 sp=0x00000004002feab0
Event: 63.281 Thread 0x000001f45960cbb0 DEOPT UNPACKING pc=0x000001f44ea44242 sp=0x00000004002fe030 mode 0
Event: 63.288 Thread 0x000001f45960df60 DEOPT PACKING pc=0x000001f44840ba55 sp=0x00000004007fd2d0
Event: 63.288 Thread 0x000001f45960cbb0 DEOPT PACKING pc=0x000001f448681653 sp=0x00000004002feab0
Event: 63.288 Thread 0x000001f45960df60 DEOPT UNPACKING pc=0x000001f44ea44242 sp=0x00000004007fc7d8 mode 0
Event: 63.288 Thread 0x000001f45960cbb0 DEOPT UNPACKING pc=0x000001f44ea44242 sp=0x00000004002fe030 mode 0
Event: 63.678 Thread 0x000001f45fd24970 Uncommon trap: trap_request=0xffffffde fr.pc=0x000001f44f54273c relative=0x0000000000001abc
Event: 63.678 Thread 0x000001f45fd24970 Uncommon trap: reason=class_check action=maybe_recompile pc=0x000001f44f54273c method=org.eclipse.jdt.internal.core.JavaModelCache.getInfo(Lorg/eclipse/jdt/core/IJavaElement;)Lorg/eclipse/jdt/internal/compiler/env/IElementInfo; @ 138 c2
Event: 63.678 Thread 0x000001f45fd24970 DEOPT PACKING pc=0x000001f44f54273c sp=0x0000000400efead0
Event: 63.678 Thread 0x000001f45fd24970 DEOPT UNPACKING pc=0x000001f44ea43aa2 sp=0x0000000400efeaa8 mode 2
Event: 63.693 Thread 0x000001f45fd24970 Uncommon trap: trap_request=0xffffffbe fr.pc=0x000001f44f4e3504 relative=0x0000000000000244
Event: 63.694 Thread 0x000001f45fd24970 Uncommon trap: reason=profile_predicate action=maybe_recompile pc=0x000001f44f4e3504 method=java.util.TimSort.binarySort([Ljava/lang/Object;IIILjava/util/Comparator;)V @ 34 c2
Event: 63.694 Thread 0x000001f45fd24970 DEOPT PACKING pc=0x000001f44f4e3504 sp=0x0000000400efe290
Event: 63.694 Thread 0x000001f45fd24970 DEOPT UNPACKING pc=0x000001f44ea43aa2 sp=0x0000000400efe198 mode 2
Event: 63.696 Thread 0x000001f45fd24970 Uncommon trap: trap_request=0xffffffbe fr.pc=0x000001f44f4e3504 relative=0x0000000000000244
Event: 63.696 Thread 0x000001f45fd24970 Uncommon trap: reason=profile_predicate action=maybe_recompile pc=0x000001f44f4e3504 method=java.util.TimSort.binarySort([Ljava/lang/Object;IIILjava/util/Comparator;)V @ 34 c2
Event: 63.696 Thread 0x000001f45fd24970 DEOPT PACKING pc=0x000001f44f4e3504 sp=0x0000000400efdfe0
Event: 63.696 Thread 0x000001f45fd24970 DEOPT UNPACKING pc=0x000001f44ea43aa2 sp=0x0000000400efdee8 mode 2

Classes loaded (20 events):
Event: 62.315 Loading class java/io/SequenceInputStream
Event: 62.315 Loading class java/io/SequenceInputStream done
Event: 62.412 Loading class java/util/concurrent/ForkJoinTask$AdaptedCallable
Event: 62.412 Loading class java/util/concurrent/ForkJoinTask$AdaptedCallable done
Event: 62.461 Loading class java/util/Collections$SynchronizedRandomAccessList
Event: 62.461 Loading class java/util/Collections$SynchronizedList
Event: 62.461 Loading class java/util/Collections$SynchronizedList done
Event: 62.461 Loading class java/util/Collections$SynchronizedRandomAccessList done
Event: 62.618 Loading class java/util/concurrent/CompletableFuture$Signaller
Event: 62.640 Loading class java/util/concurrent/CompletableFuture$Signaller done
Event: 62.676 Loading class java/util/concurrent/CompletableFuture$UniApply
Event: 62.676 Loading class java/util/concurrent/CompletableFuture$UniCompletion
Event: 62.676 Loading class java/util/concurrent/CompletableFuture$UniCompletion done
Event: 62.676 Loading class java/util/concurrent/CompletableFuture$UniApply done
Event: 62.676 Loading class java/util/concurrent/CompletableFuture$UniAccept
Event: 62.676 Loading class java/util/concurrent/CompletableFuture$UniAccept done
Event: 62.676 Loading class java/util/concurrent/CompletableFuture$UniExceptionally
Event: 62.676 Loading class java/util/concurrent/CompletableFuture$UniExceptionally done
Event: 63.288 Loading class java/util/Hashtable$KeySet
Event: 63.288 Loading class java/util/Hashtable$KeySet done

Classes unloaded (7 events):
Event: 52.019 Thread 0x000001f4443812c0 Unloading class 0x000001f401199400 'java/lang/invoke/LambdaForm$MH+0x000001f401199400'
Event: 52.019 Thread 0x000001f4443812c0 Unloading class 0x000001f401199000 'java/lang/invoke/LambdaForm$MH+0x000001f401199000'
Event: 52.019 Thread 0x000001f4443812c0 Unloading class 0x000001f401198c00 'java/lang/invoke/LambdaForm$MH+0x000001f401198c00'
Event: 52.019 Thread 0x000001f4443812c0 Unloading class 0x000001f401198800 'java/lang/invoke/LambdaForm$MH+0x000001f401198800'
Event: 52.019 Thread 0x000001f4443812c0 Unloading class 0x000001f401198400 'java/lang/invoke/LambdaForm$BMH+0x000001f401198400'
Event: 52.019 Thread 0x000001f4443812c0 Unloading class 0x000001f401198000 'java/lang/invoke/LambdaForm$DMH+0x000001f401198000'
Event: 52.019 Thread 0x000001f4443812c0 Unloading class 0x000001f401196c00 'java/lang/invoke/LambdaForm$DMH+0x000001f401196c00'

Classes redefined (0 events):
No events

Internal exceptions (20 events):
Event: 63.428 Thread 0x000001f45960df60 Exception <a 'sun/nio/fs/WindowsException'{0x00000000eac8be60}> (0x00000000eac8be60) 
thrown [s\src\hotspot\share\prims\jni.cpp, line 520]
Event: 63.428 Thread 0x000001f45960df60 Exception <a 'sun/nio/fs/WindowsException'{0x00000000eac8c490}> (0x00000000eac8c490) 
thrown [s\src\hotspot\share\prims\jni.cpp, line 520]
Event: 63.428 Thread 0x000001f45960df60 Exception <a 'sun/nio/fs/WindowsException'{0x00000000eac8d100}> (0x00000000eac8d100) 
thrown [s\src\hotspot\share\prims\jni.cpp, line 520]
Event: 63.428 Thread 0x000001f45960df60 Exception <a 'sun/nio/fs/WindowsException'{0x00000000eac8d730}> (0x00000000eac8d730) 
thrown [s\src\hotspot\share\prims\jni.cpp, line 520]
Event: 63.434 Thread 0x000001f45960df60 Exception <a 'java/io/FileNotFoundException'{0x00000000eaca44c0}> (0x00000000eaca44c0) 
thrown [s\src\hotspot\share\prims\jni.cpp, line 520]
Event: 63.435 Thread 0x000001f45960df60 Exception <a 'java/io/FileNotFoundException'{0x00000000eaca5260}> (0x00000000eaca5260) 
thrown [s\src\hotspot\share\prims\jni.cpp, line 520]
Event: 63.458 Thread 0x000001f45960df60 Exception <a 'sun/nio/fs/WindowsException'{0x00000000ead93f20}> (0x00000000ead93f20) 
thrown [s\src\hotspot\share\prims\jni.cpp, line 520]
Event: 63.458 Thread 0x000001f45960df60 Exception <a 'sun/nio/fs/WindowsException'{0x00000000ead94550}> (0x00000000ead94550) 
thrown [s\src\hotspot\share\prims\jni.cpp, line 520]
Event: 63.471 Thread 0x000001f45960df60 Exception <a 'sun/nio/fs/WindowsException'{0x00000000eae10688}> (0x00000000eae10688) 
thrown [s\src\hotspot\share\prims\jni.cpp, line 520]
Event: 63.471 Thread 0x000001f45960df60 Exception <a 'sun/nio/fs/WindowsException'{0x00000000eae10cb8}> (0x00000000eae10cb8) 
thrown [s\src\hotspot\share\prims\jni.cpp, line 520]
Event: 63.471 Thread 0x000001f45960df60 Exception <a 'sun/nio/fs/WindowsException'{0x00000000eae11928}> (0x00000000eae11928) 
thrown [s\src\hotspot\share\prims\jni.cpp, line 520]
Event: 63.472 Thread 0x000001f45960df60 Exception <a 'sun/nio/fs/WindowsException'{0x00000000eae11f58}> (0x00000000eae11f58) 
thrown [s\src\hotspot\share\prims\jni.cpp, line 520]
Event: 63.472 Thread 0x000001f45960df60 Exception <a 'sun/nio/fs/WindowsException'{0x00000000eae132b0}> (0x00000000eae132b0) 
thrown [s\src\hotspot\share\prims\jni.cpp, line 520]
Event: 63.472 Thread 0x000001f45960df60 Exception <a 'sun/nio/fs/WindowsException'{0x00000000eae13b20}> (0x00000000eae13b20) 
thrown [s\src\hotspot\share\prims\jni.cpp, line 520]
Event: 63.483 Thread 0x000001f45960df60 Exception <a 'sun/nio/fs/WindowsException'{0x00000000eaeade70}> (0x00000000eaeade70) 
thrown [s\src\hotspot\share\prims\jni.cpp, line 520]
Event: 63.483 Thread 0x000001f45960df60 Exception <a 'sun/nio/fs/WindowsException'{0x00000000eaeae4a0}> (0x00000000eaeae4a0) 
thrown [s\src\hotspot\share\prims\jni.cpp, line 520]
Event: 63.484 Thread 0x000001f45960df60 Exception <a 'sun/nio/fs/WindowsException'{0x00000000eaeaf110}> (0x00000000eaeaf110) 
thrown [s\src\hotspot\share\prims\jni.cpp, line 520]
Event: 63.484 Thread 0x000001f45960df60 Exception <a 'sun/nio/fs/WindowsException'{0x00000000eaeaf740}> (0x00000000eaeaf740) 
thrown [s\src\hotspot\share\prims\jni.cpp, line 520]
Event: 63.484 Thread 0x000001f45960df60 Exception <a 'sun/nio/fs/WindowsException'{0x00000000eaeb17e0}> (0x00000000eaeb17e0) 
thrown [s\src\hotspot\share\prims\jni.cpp, line 520]
Event: 63.484 Thread 0x000001f45960df60 Exception <a 'sun/nio/fs/WindowsException'{0x00000000eaeb1e10}> (0x00000000eaeb1e10) 
thrown [s\src\hotspot\share\prims\jni.cpp, line 520]

ZGC Phase Switch (0 events):
No events

VM Operations (20 events):
Event: 62.200 Executing VM operation: HandshakeAllThreads (Deoptimize)
Event: 62.200 Executing VM operation: HandshakeAllThreads (Deoptimize) done
Event: 62.328 Executing VM operation: ParallelGCFailedAllocation (Allocation Failure)
Event: 62.332 Executing VM operation: ParallelGCFailedAllocation (Allocation Failure) done
Event: 62.356 Executing VM operation: HandshakeAllThreads (Deoptimize)
Event: 62.357 Executing VM operation: HandshakeAllThreads (Deoptimize) done
Event: 62.382 Executing VM operation: HandshakeAllThreads (Deoptimize)
Event: 62.392 Executing VM operation: HandshakeAllThreads (Deoptimize) done
Event: 62.451 Executing VM operation: HandshakeAllThreads (Deoptimize)
Event: 62.451 Executing VM operation: HandshakeAllThreads (Deoptimize) done
Event: 62.455 Executing VM operation: HandshakeAllThreads (Deoptimize)
Event: 62.457 Executing VM operation: HandshakeAllThreads (Deoptimize) done
Event: 62.580 Executing VM operation: ParallelGCFailedAllocation (Allocation Failure)
Event: 62.585 Executing VM operation: ParallelGCFailedAllocation (Allocation Failure) done
Event: 62.841 Executing VM operation: ParallelGCFailedAllocation (Allocation Failure)
Event: 62.845 Executing VM operation: ParallelGCFailedAllocation (Allocation Failure) done
Event: 62.994 Executing VM operation: ParallelGCFailedAllocation (Allocation Failure)
Event: 62.998 Executing VM operation: ParallelGCFailedAllocation (Allocation Failure) done
Event: 63.310 Executing VM operation: ParallelGCFailedAllocation (Allocation Failure)
Event: 63.412 Executing VM operation: ParallelGCFailedAllocation (Allocation Failure) done

Memory protections (0 events):
No events

Nmethod flushes (20 events):
Event: 58.397 Thread 0x000001f4443812c0 flushing  nmethod 0x000001f447ecac90
Event: 58.397 Thread 0x000001f4443812c0 flushing  nmethod 0x000001f447ecb810
Event: 58.397 Thread 0x000001f4443812c0 flushing  nmethod 0x000001f447ecbc10
Event: 58.397 Thread 0x000001f4443812c0 flushing  nmethod 0x000001f447ecd410
Event: 58.397 Thread 0x000001f4443812c0 flushing  nmethod 0x000001f447ece310
Event: 58.397 Thread 0x000001f4443812c0 flushing  nmethod 0x000001f447ed2690
Event: 58.397 Thread 0x000001f4443812c0 flushing  nmethod 0x000001f447ed3d10
Event: 58.397 Thread 0x000001f4443812c0 flushing  nmethod 0x000001f447edc790
Event: 58.397 Thread 0x000001f4443812c0 flushing  nmethod 0x000001f447edf110
Event: 58.397 Thread 0x000001f4443812c0 flushing  nmethod 0x000001f447ee0190
Event: 58.397 Thread 0x000001f4443812c0 flushing  nmethod 0x000001f447ee0a10
Event: 58.397 Thread 0x000001f4443812c0 flushing  nmethod 0x000001f447ee2a90
Event: 58.397 Thread 0x000001f4443812c0 flushing  nmethod 0x000001f447f0a290
Event: 58.397 Thread 0x000001f4443812c0 flushing  nmethod 0x000001f447f0a690
Event: 58.397 Thread 0x000001f4443812c0 flushing  nmethod 0x000001f447f35490
Event: 58.397 Thread 0x000001f4443812c0 flushing  nmethod 0x000001f447f3f510
Event: 58.397 Thread 0x000001f4443812c0 flushing  nmethod 0x000001f447f43710
Event: 58.397 Thread 0x000001f4443812c0 flushing  nmethod 0x000001f447f5be90
Event: 58.397 Thread 0x000001f4443812c0 flushing  nmethod 0x000001f447f5c790
Event: 58.397 Thread 0x000001f4443812c0 flushing  nmethod 0x000001f447f5f290

Events (20 events):
Event: 54.030 Thread 0x000001f4442c25c0 Thread added: 0x000001f45fd214f0
Event: 54.030 Thread 0x000001f4442c25c0 Thread added: 0x000001f45fd26a40
Event: 54.858 Thread 0x000001f459610030 Thread added: 0x000001f45fd263b0
Event: 54.858 Thread 0x000001f459610030 Thread added: 0x000001f45fd270d0
Event: 56.015 Thread 0x000001f459610030 Thread added: 0x000001f45fd27df0
Event: 56.254 Thread 0x000001f459f0db20 Thread exited: 0x000001f459f0db20
Event: 56.295 Thread 0x000001f45860cf10 Thread added: 0x000001f45ee1ace0
Event: 56.572 Thread 0x000001f459610030 Thread added: 0x000001f45fd228a0
Event: 56.755 Thread 0x000001f459610030 Thread added: 0x000001f45fd235c0
Event: 56.767 Thread 0x000001f45960df60 Thread added: 0x000001f45fd25000
Event: 56.768 Thread 0x000001f45fd25000 Thread exited: 0x000001f45fd25000
Event: 56.998 Thread 0x000001f459b1fd10 Thread exited: 0x000001f459b1fd10
Event: 57.039 Thread 0x000001f45960df60 Thread added: 0x000001f45fd25000
Event: 58.746 Thread 0x000001f45ee1ace0 Thread exited: 0x000001f45ee1ace0
Event: 59.373 Thread 0x000001f45860cf10 Thread added: 0x000001f45ee1ace0
Event: 62.412 Thread 0x000001f45fd26a40 Thread added: 0x000001f46b05dff0
Event: 63.143 Thread 0x000001f45fd26a40 Thread added: 0x000001f46b0600c0
Event: 63.278 Thread 0x000001f46b0600c0 Thread added: 0x000001f46b05cc40
Event: 63.615 Thread 0x000001f45ee1ace0 Thread exited: 0x000001f45ee1ace0
Event: 63.672 Thread 0x000001f45860cf10 Thread added: 0x000001f45ee1ace0


Dynamic libraries:
0x00007ff6d73c0000 - 0x00007ff6d73ce000 	c:\Users\Surafel_Pc\.vscode\extensions\redhat.java-1.40.0-win32-x64\jre\21.0.6-win32-x86_64\bin\java.exe
0x00007ff892d70000 - 0x00007ff892f68000 	C:\WINDOWS\SYSTEM32\ntdll.dll
0x00007ff890e20000 - 0x00007ff890ee2000 	C:\WINDOWS\System32\KERNEL32.DLL
0x00007ff890970000 - 0x00007ff890c6f000 	C:\WINDOWS\System32\KERNELBASE.dll
0x00007ff890870000 - 0x00007ff890970000 	C:\WINDOWS\System32\ucrtbase.dll
0x00007ff8729b0000 - 0x00007ff8729c8000 	c:\Users\Surafel_Pc\.vscode\extensions\redhat.java-1.40.0-win32-x64\jre\21.0.6-win32-x86_64\bin\jli.dll
0x00007ff892680000 - 0x00007ff89281d000 	C:\WINDOWS\System32\USER32.dll
0x00007ff890c70000 - 0x00007ff890c92000 	C:\WINDOWS\System32\win32u.dll
0x00007ff892c60000 - 0x00007ff892c8b000 	C:\WINDOWS\System32\GDI32.dll
0x00007ff8906e0000 - 0x00007ff8907f7000 	C:\WINDOWS\System32\gdi32full.dll
0x00007ff890640000 - 0x00007ff8906dd000 	C:\WINDOWS\System32\msvcp_win.dll
0x00007ff8728b0000 - 0x00007ff8728ce000 	c:\Users\Surafel_Pc\.vscode\extensions\redhat.java-1.40.0-win32-x64\jre\21.0.6-win32-x86_64\bin\VCRUNTIME140.dll
0x00007ff87c0f0000 - 0x00007ff87c38a000 	C:\WINDOWS\WinSxS\amd64_microsoft.windows.common-controls_6595b64144ccf1df_6.0.19041.4355_none_60b8b9eb71f62e16\COMCTL32.dll
0x00007ff890d80000 - 0x00007ff890e1e000 	C:\WINDOWS\System32\msvcrt.dll
0x00007ff890f60000 - 0x00007ff890f8f000 	C:\WINDOWS\System32\IMM32.DLL
0x00007ff88bce0000 - 0x00007ff88bcec000 	c:\Users\Surafel_Pc\.vscode\extensions\redhat.java-1.40.0-win32-x64\jre\21.0.6-win32-x86_64\bin\vcruntime140_1.dll
0x00007ff85cab0000 - 0x00007ff85cb3d000 	c:\Users\Surafel_Pc\.vscode\extensions\redhat.java-1.40.0-win32-x64\jre\21.0.6-win32-x86_64\bin\msvcp140.dll
0x00007ff83ee00000 - 0x00007ff83fb90000 	c:\Users\Surafel_Pc\.vscode\extensions\redhat.java-1.40.0-win32-x64\jre\21.0.6-win32-x86_64\bin\server\jvm.dll
0x00007ff891b20000 - 0x00007ff891bd1000 	C:\WINDOWS\System32\ADVAPI32.dll
0x00007ff892c90000 - 0x00007ff892d2f000 	C:\WINDOWS\System32\sechost.dll
0x00007ff892060000 - 0x00007ff892183000 	C:\WINDOWS\System32\RPCRT4.dll
0x00007ff890560000 - 0x00007ff890587000 	C:\WINDOWS\System32\bcrypt.dll
0x00007ff8928b0000 - 0x00007ff89291b000 	C:\WINDOWS\System32\WS2_32.dll
0x00007ff890260000 - 0x00007ff8902ab000 	C:\WINDOWS\SYSTEM32\POWRPROF.dll
0x00007ff881a10000 - 0x00007ff881a37000 	C:\WINDOWS\SYSTEM32\WINMM.dll
0x00007ff881a40000 - 0x00007ff881a4a000 	C:\WINDOWS\SYSTEM32\VERSION.dll
0x00007ff890240000 - 0x00007ff890252000 	C:\WINDOWS\SYSTEM32\UMPDC.dll
0x00007ff88e0c0000 - 0x00007ff88e0d2000 	C:\WINDOWS\SYSTEM32\kernel.appcore.dll
0x00007ff88b580000 - 0x00007ff88b58a000 	c:\Users\Surafel_Pc\.vscode\extensions\redhat.java-1.40.0-win32-x64\jre\21.0.6-win32-x86_64\bin\jimage.dll
0x00007ff882a00000 - 0x00007ff882be4000 	C:\WINDOWS\SYSTEM32\DBGHELP.DLL
0x00007ff882970000 - 0x00007ff8829a4000 	C:\WINDOWS\SYSTEM32\dbgcore.DLL
0x00007ff890cf0000 - 0x00007ff890d72000 	C:\WINDOWS\System32\bcryptPrimitives.dll
0x00007ff889490000 - 0x00007ff88949f000 	c:\Users\Surafel_Pc\.vscode\extensions\redhat.java-1.40.0-win32-x64\jre\21.0.6-win32-x86_64\bin\instrument.dll
0x00007ff876850000 - 0x00007ff87686f000 	c:\Users\Surafel_Pc\.vscode\extensions\redhat.java-1.40.0-win32-x64\jre\21.0.6-win32-x86_64\bin\java.dll
0x00007ff8913b0000 - 0x00007ff891b1e000 	C:\WINDOWS\System32\SHELL32.dll
0x00007ff88e2c0000 - 0x00007ff88ea64000 	C:\WINDOWS\SYSTEM32\windows.storage.dll
0x00007ff8921b0000 - 0x00007ff892505000 	C:\WINDOWS\System32\combase.dll
0x00007ff88fd60000 - 0x00007ff88fd8f000 	C:\WINDOWS\SYSTEM32\Wldp.dll
0x00007ff891020000 - 0x00007ff8910ed000 	C:\WINDOWS\System32\OLEAUT32.dll
0x00007ff892510000 - 0x00007ff8925bd000 	C:\WINDOWS\System32\SHCORE.dll
0x00007ff890ef0000 - 0x00007ff890f45000 	C:\WINDOWS\System32\shlwapi.dll
0x00007ff890330000 - 0x00007ff890354000 	C:\WINDOWS\SYSTEM32\profapi.dll
0x00007ff8766f0000 - 0x00007ff876708000 	c:\Users\Surafel_Pc\.vscode\extensions\redhat.java-1.40.0-win32-x64\jre\21.0.6-win32-x86_64\bin\zip.dll
0x00007ff87d8c0000 - 0x00007ff87d8d0000 	C:\Users\Surafel_Pc\.vscode\extensions\redhat.java-1.40.0-win32-x64\jre\21.0.6-win32-x86_64\bin\net.dll
0x00007ff88b020000 - 0x00007ff88b12d000 	C:\WINDOWS\SYSTEM32\WINHTTP.dll
0x00007ff88fac0000 - 0x00007ff88fb2a000 	C:\WINDOWS\system32\mswsock.dll
0x00007ff875780000 - 0x00007ff875796000 	C:\Users\Surafel_Pc\.vscode\extensions\redhat.java-1.40.0-win32-x64\jre\21.0.6-win32-x86_64\bin\nio.dll
0x00007ff87d850000 - 0x00007ff87d860000 	c:\Users\Surafel_Pc\.vscode\extensions\redhat.java-1.40.0-win32-x64\jre\21.0.6-win32-x86_64\bin\verify.dll
0x00007ff85fd30000 - 0x00007ff85fd75000 	C:\Users\Surafel_Pc\AppData\Roaming\Code\User\globalStorage\redhat.java\1.40.0\config_win\org.eclipse.equinox.launcher\org.eclipse.equinox.launcher.win32.win32.x86_64_1.2.1200.v20250212-0927\eclipse_11909.dll
0x00007ff892b30000 - 0x00007ff892c5b000 	C:\WINDOWS\System32\ole32.dll
0x00007ff88fcb0000 - 0x00007ff88fcc8000 	C:\WINDOWS\SYSTEM32\CRYPTSP.dll
0x00007ff88f3e0000 - 0x00007ff88f414000 	C:\WINDOWS\system32\rsaenh.dll
0x00007ff8902f0000 - 0x00007ff89031e000 	C:\WINDOWS\SYSTEM32\USERENV.dll
0x00007ff88fcd0000 - 0x00007ff88fcdc000 	C:\WINDOWS\SYSTEM32\CRYPTBASE.dll
0x00007ff88f7a0000 - 0x00007ff88f7db000 	C:\WINDOWS\SYSTEM32\IPHLPAPI.DLL
0x00007ff891010000 - 0x00007ff891018000 	C:\WINDOWS\System32\NSI.dll
0x00007ff876260000 - 0x00007ff8762a9000 	C:\Users\Surafel_Pc\AppData\Local\Temp\jna--127339658\jna2518735852094658495.dll
0x00007ff890f50000 - 0x00007ff890f58000 	C:\WINDOWS\System32\PSAPI.DLL
0x00007ff88af40000 - 0x00007ff88af57000 	C:\WINDOWS\SYSTEM32\dhcpcsvc6.DLL
0x00007ff8889e0000 - 0x00007ff8889fd000 	C:\WINDOWS\SYSTEM32\dhcpcsvc.DLL
0x00007ff88bdd0000 - 0x00007ff88bdde000 	C:\Users\Surafel_Pc\.vscode\extensions\redhat.java-1.40.0-win32-x64\jre\21.0.6-win32-x86_64\bin\sunmscapi.dll
0x00007ff890400000 - 0x00007ff89055c000 	C:\WINDOWS\System32\CRYPT32.dll
0x00007ff88fdd0000 - 0x00007ff88fdf7000 	C:\WINDOWS\SYSTEM32\ncrypt.dll
0x00007ff88fd90000 - 0x00007ff88fdcb000 	C:\WINDOWS\SYSTEM32\NTASN1.dll
0x00007ff88f7f0000 - 0x00007ff88f8ba000 	C:\WINDOWS\SYSTEM32\DNSAPI.dll
0x00007ff88a750000 - 0x00007ff88a75a000 	C:\Windows\System32\rasadhlp.dll
0x00007ff88b1b0000 - 0x00007ff88b230000 	C:\WINDOWS\System32\fwpuclnt.dll
0x00007ff88bd10000 - 0x00007ff88bd19000 	C:\Users\Surafel_Pc\.vscode\extensions\redhat.java-1.40.0-win32-x64\jre\21.0.6-win32-x86_64\bin\extnet.dll

dbghelp: loaded successfully - version: 4.0.5 - missing functions: none
symbol engine: initialized successfully - sym options: 0x614 - pdb path: .;c:\Users\Surafel_Pc\.vscode\extensions\redhat.java-1.40.0-win32-x64\jre\21.0.6-win32-x86_64\bin;C:\WINDOWS\SYSTEM32;C:\WINDOWS\WinSxS\amd64_microsoft.windows.common-controls_6595b64144ccf1df_6.0.19041.4355_none_60b8b9eb71f62e16;c:\Users\Surafel_Pc\.vscode\extensions\redhat.java-1.40.0-win32-x64\jre\21.0.6-win32-x86_64\bin\server;C:\Users\Surafel_Pc\AppData\Roaming\Code\User\globalStorage\redhat.java\1.40.0\config_win\org.eclipse.equinox.launcher\org.eclipse.equinox.launcher.win32.win32.x86_64_1.2.1200.v20250212-0927;C:\Users\Surafel_Pc\AppData\Local\Temp\jna--127339658

VM Arguments:
jvm_args: --add-modules=ALL-SYSTEM --add-opens=java.base/java.util=ALL-UNNAMED --add-opens=java.base/java.lang=ALL-UNNAMED --add-opens=java.base/sun.nio.fs=ALL-UNNAMED -Declipse.application=org.eclipse.jdt.ls.core.id1 -Dosgi.bundles.defaultStartLevel=4 -Declipse.product=org.eclipse.jdt.ls.core.product -Djava.import.generatesMetadataFilesAtProjectRoot=false -DDetectVMInstallationsJob.disabled=true -Dfile.encoding=utf8 -XX:+UseParallelGC -XX:GCTimeRatio=4 -XX:AdaptiveSizePolicyWeight=90 -Dsun.zip.disableMemoryMapping=true -Xmx1G -Xms100m -Xlog:disable -javaagent:c:\Users\Surafel_Pc\.vscode\extensions\redhat.java-1.40.0-win32-x64\lombok\lombok-1.18.36.jar -XX:+HeapDumpOnOutOfMemoryError -XX:HeapDumpPath=c:\Users\Surafel_Pc\AppData\Roaming\Code\User\workspaceStorage\5ebe8adba00e4c222bc02e3cb83f1796\redhat.java -Daether.dependencyCollector.impl=bf 
java_command: c:\Users\Surafel_Pc\.vscode\extensions\redhat.java-1.40.0-win32-x64\server\plugins\org.eclipse.equinox.launcher_1.6.1000.v20250131-0606.jar -configuration c:\Users\Surafel_Pc\AppData\Roaming\Code\User\globalStorage\redhat.java\1.40.0\config_win -data c:\Users\Surafel_Pc\AppData\Roaming\Code\User\workspaceStorage\5ebe8adba00e4c222bc02e3cb83f1796\redhat.java\jdt_ws --pipe=\\.\pipe\lsp-aecc0a7c6d5e2df169729ad0beca4e6a-sock
java_class_path (initial): c:\Users\Surafel_Pc\.vscode\extensions\redhat.java-1.40.0-win32-x64\server\plugins\org.eclipse.equinox.launcher_1.6.1000.v20250131-0606.jar
Launcher Type: SUN_STANDARD

[Global flags]
    uintx AdaptiveSizePolicyWeight                 = 90                                        {product} {command line}
     intx CICompilerCount                          = 3                                         {product} {ergonomic}
    uintx GCTimeRatio                              = 4                                         {product} {command line}
     bool HeapDumpOnOutOfMemoryError               = true                                   {manageable} {command line}
    ccstr HeapDumpPath                             = c:\Users\Surafel_Pc\AppData\Roaming\Code\User\workspaceStorage\5ebe8adba00e4c222bc02e3cb83f1796\redhat.java         {manageable} {command line}
   size_t InitialHeapSize                          = 104857600                                 {product} {command line}
   size_t MaxHeapSize                              = 1073741824                                {product} {command line}
   size_t MaxNewSize                               = 357564416                                 {product} {ergonomic}
   size_t MinHeapDeltaBytes                        = 524288                                    {product} {ergonomic}
   size_t MinHeapSize                              = 104857600                                 {product} {command line}
   size_t NewSize                                  = 34603008                                  {product} {ergonomic}
    uintx NonNMethodCodeHeapSize                   = 5832780                                {pd product} {ergonomic}
    uintx NonProfiledCodeHeapSize                  = 122912730                              {pd product} {ergonomic}
   size_t OldSize                                  = 70254592                                  {product} {ergonomic}
    uintx ProfiledCodeHeapSize                     = 122912730                              {pd product} {ergonomic}
    uintx ReservedCodeCacheSize                    = 251658240                              {pd product} {ergonomic}
     bool SegmentedCodeCache                       = true                                      {product} {ergonomic}
   size_t SoftMaxHeapSize                          = 1073741824                             {manageable} {ergonomic}
     bool UseCompressedOops                        = true                           {product lp64_product} {ergonomic}
     bool UseLargePagesIndividualAllocation        = false                                  {pd product} {ergonomic}
     bool UseParallelGC                            = true                                      {product} {command line}

Logging:
Log output configuration:
 #0: stdout all=off uptime,level,tags foldmultilines=false
 #1: stderr all=off uptime,level,tags foldmultilines=false

Environment Variables:
PATH=C:\Program Files\Common Files\Oracle\Java\javapath;C:\Program Files (x86)\VMware\VMware Player\bin\;C:\WINDOWS\system32;C:\WINDOWS;C:\WINDOWS\System32\Wbem;C:\WINDOWS\System32\WindowsPowerShell\v1.0\;C:\WINDOWS\System32\OpenSSH\;C:\Program Files\Git\cmd;C:\Users\Surafel_Pc\AppData\Local\Programs\Python\Python312;C:\Users\Surafel_Pc\AppData\Local\Programs\Python\Python312\Scripts;C:\Program Files\MySQL\MySQL Server 8.0\bin;C:\ProgramData\chocolatey\bin;C:\Program Files\nodejs\;C:\Users\Surafel_Pc\Desktop\react&node\my-vue-app\node_modules\vite\bin;C:\Users\Surafel_Pc\Desktop\react&node\my-vue-app\node_modules\.bin;C:\Program Files\nodejs;C:\Users\Surafel_Pc\Desktop\react&node\my-app\node_modules\.bin;C:\Users\Surafel_Pc\AppData\Local\Android\Sdk;C:\flutter_windows_3.29.2-stable\flutter\bin;C:\Program Files\MySQL\MySQL Shell 8.0\bin\;C:\Users\Surafel_Pc\AppData\Local\Programs\Python\Launcher\;C:\Users\Surafel_Pc\AppData\Local\Microsoft\WindowsApps;C:\Users\Surafel_Pc\AppData\Local\Programs\Python\Python312;C:\Users\Surafel_Pc\AppData\Local\Programs\Python\Python312\Scripts;C:\Users\Surafel_Pc\AppData\Local\Programs\Python\Python312\Lib;C:\Users\Surafel_Pc\AppData\Roaming\npm;C:\Program Files\Java\jdk-19\bin;C:\Program Files\JetBrains\IntelliJ IDEA 2024.2.3\bin;;C:\Users\Surafel_Pc\AppData\Local\Android\Sdk\platform-tools;C:\Users\Surafel_Pc\AppData\Local\Android\Sdk;C:\Users\Surafel_Pc\AppData\Local\Android\Sdk;C:\Users\Surafel_Pc\AppData\Local\Programs\Microsoft VS Code\bin;
USERNAME=Surafel_Pc
OS=Windows_NT
PROCESSOR_IDENTIFIER=Intel64 Family 6 Model 60 Stepping 3, GenuineIntel
TMP=C:\Users\SURAFE~1\AppData\Local\Temp
TEMP=C:\Users\SURAFE~1\AppData\Local\Temp




Periodic native trim disabled

---------------  S Y S T E M  ---------------

OS:
 Windows 10 , 64 bit Build 19041 (10.0.19041.5198)
OS uptime: 0 days 6:24 hours

CPU: total 4 (initial active 4) (4 cores per cpu, 1 threads per core) family 6 model 60 stepping 3 microcode 0x27, cx8, cmov, fxsr, mmx, sse, sse2, sse3, ssse3, sse4.1, sse4.2, popcnt, lzcnt, tsc, tscinvbit, avx, avx2, aes, erms, clmul, bmi1, bmi2, fma, vzeroupper, clflush, rdtscp, f16c
Processor Information for the first 4 processors :
  Max Mhz: 3301, Current Mhz: 3301, Mhz Limit: 3301

Memory: 4k page, system-wide physical 10148M (2546M free)
TotalPageFile size 12196M (AvailPageFile size 21M)
current process WorkingSet (physical memory assigned to process): 337M, peak: 347M
current process commit charge ("private bytes"): 345M, peak: 358M

vm_info: OpenJDK 64-Bit Server VM (21.0.6+7-LTS) for windows-amd64 JRE (21.0.6+7-LTS), built on 2025-01-21T00:00:00Z by "admin" with MS VC++ 17.7 (VS2022)

END.
