#
# There is insufficient memory for the Java Runtime Environment to continue.
# Native memory allocation (malloc) failed to allocate 650896 bytes. Error detail: Chunk::new
# Possible reasons:
#   The system is out of physical RAM or swap space
#   This process is running with CompressedOops enabled, and the Java Heap may be blocking the growth of the native heap
# Possible solutions:
#   Reduce memory load on the system
#   Increase physical memory or swap space
#   Check if swap backing store is full
#   Decrease Java heap size (-Xmx/-Xms)
#   Decrease number of Java threads
#   Decrease Java thread stack sizes (-Xss)
#   Set larger code cache with -XX:ReservedCodeCacheSize=
#   JVM is running with Unscaled Compressed Oops mode in which the Java heap is
#     placed in the first 4GB address space. The Java Heap base address is the
#     maximum limit for the native heap growth. Please use -XX:HeapBaseMinAddress
#     to set the Java Heap base and to place the Java Heap above 4GB virtual address.
# This output file may be truncated or incomplete.
#
#  Out of Memory Error (arena.cpp:191), pid=5528, tid=13796
#
# JRE version: OpenJDK Runtime Environment Temurin-17.0.13+11 (17.0.13+11) (build 17.0.13+11)
# Java VM: OpenJDK 64-Bit Server VM Temurin-17.0.13+11 (17.0.13+11, mixed mode, tiered, compressed oops, compressed class ptrs, parallel gc, windows-amd64)
# No core dump will be written. Minidumps are not enabled by default on client versions of Windows
#

---------------  S U M M A R Y ------------

Command Line: --add-modules=ALL-SYSTEM --add-opens=java.base/java.util=ALL-UNNAMED --add-opens=java.base/java.lang=ALL-UNNAMED --add-opens=java.base/sun.nio.fs=ALL-UNNAMED -Declipse.application=org.eclipse.jdt.ls.core.id1 -Dosgi.bundles.defaultStartLevel=4 -Declipse.product=org.eclipse.jdt.ls.core.product -Djava.import.generatesMetadataFilesAtProjectRoot=false -DDetectVMInstallationsJob.disabled=true -Dfile.encoding=utf8 -XX:+UseParallelGC -XX:GCTimeRatio=4 -XX:AdaptiveSizePolicyWeight=90 -Dsun.zip.disableMemoryMapping=true -Xmx1G -Xms100m -Xlog:disable -javaagent:c:\Users\Surafel_Pc\.vscode\extensions\redhat.java-1.38.0-win32-x64\lombok\lombok-1.18.34.jar -XX:+HeapDumpOnOutOfMemoryError -XX:HeapDumpPath=c:\Users\Surafel_Pc\AppData\Roaming\Code\User\workspaceStorage\5ebe8adba00e4c222bc02e3cb83f1796\redhat.java -Daether.dependencyCollector.impl=bf c:\Users\Surafel_Pc\.vscode\extensions\redhat.java-1.38.0-win32-x64\server\plugins\org.eclipse.equinox.launcher_1.6.900.v20240613-2009.jar -configuration c:\Users\Surafel_Pc\AppData\Roaming\Code\User\globalStorage\redhat.java\1.38.0\config_win -data c:\Users\Surafel_Pc\AppData\Roaming\Code\User\workspaceStorage\5ebe8adba00e4c222bc02e3cb83f1796\redhat.java\jdt_ws --pipe=\\.\pipe\lsp-c714427bf8ab1301caed957af00d0189-sock

Host: Intel(R) Core(TM) i5-4590 CPU @ 3.30GHz, 4 cores, 9G,  Windows 10 , 64 bit Build 19041 (10.0.19041.5198)
Time: Mon Jan 13 12:25:03 2025 Pacific Standard Time elapsed time: 21.611896 seconds (0d 0h 0m 21s)

---------------  T H R E A D  ---------------

Current thread (0x0000021744c6bda0):  JavaThread "C2 CompilerThread0" daemon [_thread_in_native, id=13796, stack(0x000000790e900000,0x000000790ea00000)]


Current CompileTask:
C2:  21611 3795       4       org.lombokweb.asm.ClassReader::readMethod (1066 bytes)

Stack: [0x000000790e900000,0x000000790ea00000]
Native frames: (J=compiled Java code, j=interpreted, Vv=VM code, C=native code)
V  [jvm.dll+0x682a19]
V  [jvm.dll+0x839538]
V  [jvm.dll+0x83afe3]
V  [jvm.dll+0x83b653]
V  [jvm.dll+0x24704f]
V  [jvm.dll+0xace34]
V  [jvm.dll+0xad4cc]
V  [jvm.dll+0x2ac84f]
V  [jvm.dll+0x588a79]
V  [jvm.dll+0x220ea2]
V  [jvm.dll+0x219b8b]
V  [jvm.dll+0x21738b]
V  [jvm.dll+0x1a3070]
V  [jvm.dll+0x22788c]
V  [jvm.dll+0x2259eb]
V  [jvm.dll+0x7eec98]
V  [jvm.dll+0x7e8ffc]
V  [jvm.dll+0x6818f7]
C  [ucrtbase.dll+0x21bb2]
C  [KERNEL32.DLL+0x17374]
C  [ntdll.dll+0x4cc91]


---------------  P R O C E S S  ---------------

Threads class SMR info:
_java_thread_list=0x000002174a8f70f0, length=23, elements={
0x000002172eecf2f0, 0x0000021744c32760, 0x0000021744c33fe0, 0x0000021744c5d140,
0x0000021744c5df70, 0x0000021744c63990, 0x0000021744c65d00, 0x0000021744c6bda0,
0x0000021749df27f0, 0x0000021749e030e0, 0x0000021744c657f0, 0x0000021744c62f70,
0x0000021744c66210, 0x0000021744c63ea0, 0x0000021744c643b0, 0x0000021744c648c0,
0x0000021744c66720, 0x0000021744c652e0, 0x0000021744c64dd0, 0x000002174a2b2e40,
0x000002174a2b1f10, 0x000002174a2b56c0, 0x000002174a2b3d70
}

Java Threads: ( => current thread )
  0x000002172eecf2f0 JavaThread "main" [_thread_blocked, id=3572, stack(0x000000790e000000,0x000000790e100000)]
  0x0000021744c32760 JavaThread "Reference Handler" daemon [_thread_blocked, id=8900, stack(0x000000790e300000,0x000000790e400000)]
  0x0000021744c33fe0 JavaThread "Finalizer" daemon [_thread_blocked, id=15040, stack(0x000000790e400000,0x000000790e500000)]
  0x0000021744c5d140 JavaThread "Signal Dispatcher" daemon [_thread_blocked, id=12952, stack(0x000000790e500000,0x000000790e600000)]
  0x0000021744c5df70 JavaThread "Attach Listener" daemon [_thread_blocked, id=15236, stack(0x000000790e600000,0x000000790e700000)]
  0x0000021744c63990 JavaThread "Service Thread" daemon [_thread_blocked, id=11076, stack(0x000000790e700000,0x000000790e800000)]
  0x0000021744c65d00 JavaThread "Monitor Deflation Thread" daemon [_thread_blocked, id=8476, stack(0x000000790e800000,0x000000790e900000)]
=>0x0000021744c6bda0 JavaThread "C2 CompilerThread0" daemon [_thread_in_native, id=13796, stack(0x000000790e900000,0x000000790ea00000)]
  0x0000021749df27f0 JavaThread "C1 CompilerThread0" daemon [_thread_blocked, id=5208, stack(0x000000790ea00000,0x000000790eb00000)]
  0x0000021749e030e0 JavaThread "Sweeper thread" daemon [_thread_blocked, id=11340, stack(0x000000790eb00000,0x000000790ec00000)]
  0x0000021744c657f0 JavaThread "Common-Cleaner" daemon [_thread_blocked, id=5608, stack(0x000000790ec00000,0x000000790ed00000)]
  0x0000021744c62f70 JavaThread "Notification Thread" daemon [_thread_blocked, id=15016, stack(0x000000790ee00000,0x000000790ef00000)]
  0x0000021744c66210 JavaThread "Active Thread: Equinox Container: af578b2e-04fb-4298-9029-6f26b1fcdfc8" [_thread_blocked, id=10780, stack(0x000000790f300000,0x000000790f400000)]
  0x0000021744c63ea0 JavaThread "Refresh Thread: Equinox Container: af578b2e-04fb-4298-9029-6f26b1fcdfc8" daemon [_thread_blocked, id=10792, stack(0x000000790ed00000,0x000000790ee00000)]
  0x0000021744c643b0 JavaThread "Framework Event Dispatcher: Equinox Container: af578b2e-04fb-4298-9029-6f26b1fcdfc8" daemon [_thread_blocked, id=1312, stack(0x000000790f400000,0x000000790f500000)]
  0x0000021744c648c0 JavaThread "Start Level: Equinox Container: af578b2e-04fb-4298-9029-6f26b1fcdfc8" daemon [_thread_in_vm, id=14284, stack(0x000000790f500000,0x000000790f600000)]
  0x0000021744c66720 JavaThread "Bundle File Closer" daemon [_thread_blocked, id=5968, stack(0x000000790f600000,0x000000790f700000)]
  0x0000021744c652e0 JavaThread "SCR Component Actor" daemon [_thread_blocked, id=9080, stack(0x000000790f700000,0x000000790f800000)]
  0x0000021744c64dd0 JavaThread "SCR Component Registry" daemon [_thread_blocked, id=8268, stack(0x000000790f800000,0x000000790f900000)]
  0x000002174a2b2e40 JavaThread "Worker-JM" [_thread_blocked, id=4816, stack(0x000000790fa00000,0x000000790fb00000)]
  0x000002174a2b1f10 JavaThread "JNA Cleaner" daemon [_thread_blocked, id=8008, stack(0x000000790fb00000,0x000000790fc00000)]
  0x000002174a2b56c0 JavaThread "Worker-0" [_thread_blocked, id=14972, stack(0x000000790fc00000,0x000000790fd00000)]
  0x000002174a2b3d70 JavaThread "Worker-1" [_thread_blocked, id=11508, stack(0x000000790fd00000,0x000000790fe00000)]

Other Threads:
  0x000002172ef8cbb0 VMThread "VM Thread" [stack: 0x000000790e200000,0x000000790e300000] [id=10404]
  0x000002174a3818d0 WatcherThread [stack: 0x000000790ef00000,0x000000790f000000] [id=2656]
  0x000002172eee8590 GCTaskThread "GC Thread#0" [stack: 0x000000790e100000,0x000000790e200000] [id=1576]
  0x000002174a344ff0 GCTaskThread "GC Thread#1" [stack: 0x000000790f000000,0x000000790f100000] [id=13916]
  0x000002174a3452b0 GCTaskThread "GC Thread#2" [stack: 0x000000790f100000,0x000000790f200000] [id=2144]
  0x000002174a675a20 GCTaskThread "GC Thread#3" [stack: 0x000000790f200000,0x000000790f300000] [id=8276]

Threads with active compile tasks:
C2 CompilerThread0    21628 3795       4       org.lombokweb.asm.ClassReader::readMethod (1066 bytes)

VM state: not at safepoint (normal execution)

VM Mutex/Monitor currently owned by a thread: None

Heap address: 0x00000000c0000000, size: 1024 MB, Compressed Oops mode: 32-bit

CDS archive(s) not mapped
Compressed class space mapped at: 0x0000000100000000-0x0000000140000000, reserved size: 1073741824
Narrow klass base: 0x0000000000000000, Narrow klass shift: 3, Narrow klass range: 0x140000000

GC Precious Log:
 CPUs: 4 total, 4 available
 Memory: 10148M
 Large Page Support: Disabled
 NUMA Support: Disabled
 Compressed Oops: Enabled (32-bit)
 Alignments: Space 512K, Generation 512K, Heap 2M
 Heap Min Capacity: 100M
 Heap Initial Capacity: 100M
 Heap Max Capacity: 1G
 Pre-touch: Disabled
 Parallel Workers: 4

Heap:
 PSYoungGen      total 26112K, used 15514K [0x00000000eab00000, 0x00000000eca00000, 0x0000000100000000)
  eden space 24064K, 55% used [0x00000000eab00000,0x00000000eb826a88,0x00000000ec280000)
  from space 2048K, 99% used [0x00000000ec800000,0x00000000ec9fff80,0x00000000eca00000)
  to   space 3584K, 0% used [0x00000000ec300000,0x00000000ec300000,0x00000000ec680000)
 ParOldGen       total 68608K, used 11986K [0x00000000c0000000, 0x00000000c4300000, 0x00000000eab00000)
  object space 68608K, 17% used [0x00000000c0000000,0x00000000c0bb49c8,0x00000000c4300000)
 Metaspace       used 32135K, committed 32832K, reserved 1114112K
  class space    used 3178K, committed 3456K, reserved 1048576K

Card table byte_map: [0x0000021742520000,0x0000021742730000] _byte_map_base: 0x0000021741f20000

Marking Bits: (ParMarkBitMap*) 0x00007ffd38186940
 Begin Bits: [0x0000021742890000, 0x0000021743890000)
 End Bits:   [0x0000021743890000, 0x0000021744890000)

Polling page: 0x000002172ed20000

Metaspace:

Usage:
  Non-class:     28.28 MB used.
      Class:      3.10 MB used.
       Both:     31.38 MB used.

Virtual space:
  Non-class space:       64.00 MB reserved,      28.69 MB ( 45%) committed,  1 nodes.
      Class space:        1.00 GB reserved,       3.38 MB ( <1%) committed,  1 nodes.
             Both:        1.06 GB reserved,      32.06 MB (  3%) committed. 

Chunk freelists:
   Non-Class:  3.36 MB
       Class:  12.59 MB
        Both:  15.95 MB

MaxMetaspaceSize: unlimited
CompressedClassSpaceSize: 1.00 GB
Initial GC threshold: 21.00 MB
Current GC threshold: 35.00 MB
CDS: off
MetaspaceReclaimPolicy: balanced
 - commit_granule_bytes: 65536.
 - commit_granule_words: 8192.
 - virtual_space_node_default_size: 8388608.
 - enlarge_chunks_in_place: 1.
 - new_chunks_are_fully_committed: 0.
 - uncommit_free_chunks: 1.
 - use_allocation_guard: 0.
 - handle_deallocations: 1.


Internal statistics:

num_allocs_failed_limit: 5.
num_arena_births: 356.
num_arena_deaths: 0.
num_vsnodes_births: 2.
num_vsnodes_deaths: 0.
num_space_committed: 513.
num_space_uncommitted: 0.
num_chunks_returned_to_freelist: 5.
num_chunks_taken_from_freelist: 1258.
num_chunk_merges: 5.
num_chunk_splits: 857.
num_chunks_enlarged: 614.
num_inconsistent_stats: 0.

CodeHeap 'non-profiled nmethods': size=120000Kb used=1623Kb max_used=1623Kb free=118376Kb
 bounds [0x000002173ae10000, 0x000002173b080000, 0x0000021742340000]
CodeHeap 'profiled nmethods': size=120000Kb used=7868Kb max_used=7868Kb free=112131Kb
 bounds [0x0000021733340000, 0x0000021733af0000, 0x000002173a870000]
CodeHeap 'non-nmethods': size=5760Kb used=1256Kb max_used=1276Kb free=4503Kb
 bounds [0x000002173a870000, 0x000002173aae0000, 0x000002173ae10000]
 total_blobs=4373 nmethods=3800 adapters=487
 compilation: enabled
              stopped_count=0, restarted_count=0
 full_count=0

Compilation events (20 events):
Event: 21.403 Thread 0x0000021744c6bda0 nmethod 3791 0x000002173afa5810 code [0x000002173afa5980, 0x000002173afa5ad8]
Event: 21.476 Thread 0x0000021749df27f0 3793       3       java.lang.reflect.Modifier::isAbstract (14 bytes)
Event: 21.476 Thread 0x0000021749df27f0 nmethod 3793 0x0000021733ae7190 code [0x0000021733ae7320, 0x0000021733ae7478]
Event: 21.558 Thread 0x0000021749df27f0 3794       3       lombok.patcher.scripts.AddFieldScript$1::visitField (35 bytes)
Event: 21.559 Thread 0x0000021749df27f0 nmethod 3794 0x0000021733ae7510 code [0x0000021733ae76c0, 0x0000021733ae7918]
Event: 21.565 Thread 0x0000021744c6bda0 3795       4       org.lombokweb.asm.ClassReader::readMethod (1066 bytes)
Event: 21.566 Thread 0x0000021749df27f0 3796 %     3       org.lombokweb.asm.ClassReader::<init> @ 110 (371 bytes)
Event: 21.567 Thread 0x0000021749df27f0 nmethod 3796% 0x0000021733ae7a90 code [0x0000021733ae7d80, 0x0000021733ae9058]
Event: 21.567 Thread 0x0000021749df27f0 3797       3       org.lombokweb.asm.ClassReader::readByte (11 bytes)
Event: 21.567 Thread 0x0000021749df27f0 nmethod 3797 0x0000021733ae9610 code [0x0000021733ae97a0, 0x0000021733ae98d8]
Event: 21.585 Thread 0x0000021749df27f0 3799 %     3       org.lombokweb.asm.SymbolTable::<init> @ 98 (536 bytes)
Event: 21.586 Thread 0x0000021749df27f0 nmethod 3799% 0x0000021733ae9990 code [0x0000021733ae9f40, 0x0000021733aeca48]
Event: 21.586 Thread 0x0000021749df27f0 3802       3       org.lombokweb.asm.MethodWriter::visitLabel (332 bytes)
Event: 21.587 Thread 0x0000021749df27f0 nmethod 3802 0x0000021733aedc10 code [0x0000021733aede40, 0x0000021733aee738]
Event: 21.587 Thread 0x0000021749df27f0 3800       3       org.lombokweb.asm.ByteVector::put11 (52 bytes)
Event: 21.587 Thread 0x0000021749df27f0 nmethod 3800 0x0000021733aee990 code [0x0000021733aeeb40, 0x0000021733aeed48]
Event: 21.587 Thread 0x0000021749df27f0 3803       3       org.lombokweb.asm.MethodVisitor::visitInsn (16 bytes)
Event: 21.587 Thread 0x0000021749df27f0 nmethod 3803 0x0000021733aeee90 code [0x0000021733aef040, 0x0000021733aef248]
Event: 21.587 Thread 0x0000021749df27f0 3801       1       lombok.patcher.MethodLogistics::getReturnOpcode (5 bytes)
Event: 21.587 Thread 0x0000021749df27f0 nmethod 3801 0x000002173afa5c10 code [0x000002173afa5da0, 0x000002173afa5e78]

GC Heap History (18 events):
Event: 1.073 GC heap before
{Heap before GC invocations=1 (full 0):
 PSYoungGen      total 29696K, used 25600K [0x00000000eab00000, 0x00000000ecc00000, 0x0000000100000000)
  eden space 25600K, 100% used [0x00000000eab00000,0x00000000ec400000,0x00000000ec400000)
  from space 4096K, 0% used [0x00000000ec800000,0x00000000ec800000,0x00000000ecc00000)
  to   space 4096K, 0% used [0x00000000ec400000,0x00000000ec400000,0x00000000ec800000)
 ParOldGen       total 68608K, used 0K [0x00000000c0000000, 0x00000000c4300000, 0x00000000eab00000)
  object space 68608K, 0% used [0x00000000c0000000,0x00000000c0000000,0x00000000c4300000)
 Metaspace       used 10956K, committed 11072K, reserved 1114112K
  class space    used 1087K, committed 1152K, reserved 1048576K
}
Event: 1.079 GC heap after
{Heap after GC invocations=1 (full 0):
 PSYoungGen      total 29696K, used 3173K [0x00000000eab00000, 0x00000000ecc00000, 0x0000000100000000)
  eden space 25600K, 0% used [0x00000000eab00000,0x00000000eab00000,0x00000000ec400000)
  from space 4096K, 77% used [0x00000000ec400000,0x00000000ec719508,0x00000000ec800000)
  to   space 4096K, 0% used [0x00000000ec800000,0x00000000ec800000,0x00000000ecc00000)
 ParOldGen       total 68608K, used 16K [0x00000000c0000000, 0x00000000c4300000, 0x00000000eab00000)
  object space 68608K, 0% used [0x00000000c0000000,0x00000000c0004000,0x00000000c4300000)
 Metaspace       used 10956K, committed 11072K, reserved 1114112K
  class space    used 1087K, committed 1152K, reserved 1048576K
}
Event: 7.256 GC heap before
{Heap before GC invocations=2 (full 0):
 PSYoungGen      total 29696K, used 28773K [0x00000000eab00000, 0x00000000ecc00000, 0x0000000100000000)
  eden space 25600K, 100% used [0x00000000eab00000,0x00000000ec400000,0x00000000ec400000)
  from space 4096K, 77% used [0x00000000ec400000,0x00000000ec719508,0x00000000ec800000)
  to   space 4096K, 0% used [0x00000000ec800000,0x00000000ec800000,0x00000000ecc00000)
 ParOldGen       total 68608K, used 16K [0x00000000c0000000, 0x00000000c4300000, 0x00000000eab00000)
  object space 68608K, 0% used [0x00000000c0000000,0x00000000c0004000,0x00000000c4300000)
 Metaspace       used 14505K, committed 14720K, reserved 1114112K
  class space    used 1454K, committed 1600K, reserved 1048576K
}
Event: 7.261 GC heap after
{Heap after GC invocations=2 (full 0):
 PSYoungGen      total 29696K, used 4084K [0x00000000eab00000, 0x00000000ecc00000, 0x0000000100000000)
  eden space 25600K, 0% used [0x00000000eab00000,0x00000000eab00000,0x00000000ec400000)
  from space 4096K, 99% used [0x00000000ec800000,0x00000000ecbfd1c8,0x00000000ecc00000)
  to   space 4096K, 0% used [0x00000000ec400000,0x00000000ec400000,0x00000000ec800000)
 ParOldGen       total 68608K, used 1561K [0x00000000c0000000, 0x00000000c4300000, 0x00000000eab00000)
  object space 68608K, 2% used [0x00000000c0000000,0x00000000c0186718,0x00000000c4300000)
 Metaspace       used 14505K, committed 14720K, reserved 1114112K
  class space    used 1454K, committed 1600K, reserved 1048576K
}
Event: 18.788 GC heap before
{Heap before GC invocations=3 (full 0):
 PSYoungGen      total 29696K, used 29684K [0x00000000eab00000, 0x00000000ecc00000, 0x0000000100000000)
  eden space 25600K, 100% used [0x00000000eab00000,0x00000000ec400000,0x00000000ec400000)
  from space 4096K, 99% used [0x00000000ec800000,0x00000000ecbfd1c8,0x00000000ecc00000)
  to   space 4096K, 0% used [0x00000000ec400000,0x00000000ec400000,0x00000000ec800000)
 ParOldGen       total 68608K, used 1561K [0x00000000c0000000, 0x00000000c4300000, 0x00000000eab00000)
  object space 68608K, 2% used [0x00000000c0000000,0x00000000c0186718,0x00000000c4300000)
 Metaspace       used 16084K, committed 16320K, reserved 1114112K
  class space    used 1616K, committed 1728K, reserved 1048576K
}
Event: 18.794 GC heap after
{Heap after GC invocations=3 (full 0):
 PSYoungGen      total 29696K, used 4072K [0x00000000eab00000, 0x00000000ecc00000, 0x0000000100000000)
  eden space 25600K, 0% used [0x00000000eab00000,0x00000000eab00000,0x00000000ec400000)
  from space 4096K, 99% used [0x00000000ec400000,0x00000000ec7fa0d0,0x00000000ec800000)
  to   space 4096K, 0% used [0x00000000ec800000,0x00000000ec800000,0x00000000ecc00000)
 ParOldGen       total 68608K, used 5383K [0x00000000c0000000, 0x00000000c4300000, 0x00000000eab00000)
  object space 68608K, 7% used [0x00000000c0000000,0x00000000c0541e90,0x00000000c4300000)
 Metaspace       used 16084K, committed 16320K, reserved 1114112K
  class space    used 1616K, committed 1728K, reserved 1048576K
}
Event: 19.807 GC heap before
{Heap before GC invocations=4 (full 0):
 PSYoungGen      total 29696K, used 29672K [0x00000000eab00000, 0x00000000ecc00000, 0x0000000100000000)
  eden space 25600K, 100% used [0x00000000eab00000,0x00000000ec400000,0x00000000ec400000)
  from space 4096K, 99% used [0x00000000ec400000,0x00000000ec7fa0d0,0x00000000ec800000)
  to   space 4096K, 0% used [0x00000000ec800000,0x00000000ec800000,0x00000000ecc00000)
 ParOldGen       total 68608K, used 5383K [0x00000000c0000000, 0x00000000c4300000, 0x00000000eab00000)
  object space 68608K, 7% used [0x00000000c0000000,0x00000000c0541e90,0x00000000c4300000)
 Metaspace       used 19515K, committed 19904K, reserved 1114112K
  class space    used 1976K, committed 2176K, reserved 1048576K
}
Event: 19.817 GC heap after
{Heap after GC invocations=4 (full 0):
 PSYoungGen      total 29696K, used 4076K [0x00000000eab00000, 0x00000000ecc00000, 0x0000000100000000)
  eden space 25600K, 0% used [0x00000000eab00000,0x00000000eab00000,0x00000000ec400000)
  from space 4096K, 99% used [0x00000000ec800000,0x00000000ecbfb330,0x00000000ecc00000)
  to   space 4096K, 0% used [0x00000000ec400000,0x00000000ec400000,0x00000000ec800000)
 ParOldGen       total 68608K, used 6503K [0x00000000c0000000, 0x00000000c4300000, 0x00000000eab00000)
  object space 68608K, 9% used [0x00000000c0000000,0x00000000c0659fc0,0x00000000c4300000)
 Metaspace       used 19515K, committed 19904K, reserved 1114112K
  class space    used 1976K, committed 2176K, reserved 1048576K
}
Event: 19.991 GC heap before
{Heap before GC invocations=5 (full 0):
 PSYoungGen      total 29696K, used 12635K [0x00000000eab00000, 0x00000000ecc00000, 0x0000000100000000)
  eden space 25600K, 33% used [0x00000000eab00000,0x00000000eb35bb80,0x00000000ec400000)
  from space 4096K, 99% used [0x00000000ec800000,0x00000000ecbfb330,0x00000000ecc00000)
  to   space 4096K, 0% used [0x00000000ec400000,0x00000000ec400000,0x00000000ec800000)
 ParOldGen       total 68608K, used 6503K [0x00000000c0000000, 0x00000000c4300000, 0x00000000eab00000)
  object space 68608K, 9% used [0x00000000c0000000,0x00000000c0659fc0,0x00000000c4300000)
 Metaspace       used 21020K, committed 21504K, reserved 1114112K
  class space    used 2110K, committed 2368K, reserved 1048576K
}
Event: 19.995 GC heap after
{Heap after GC invocations=5 (full 0):
 PSYoungGen      total 29696K, used 4082K [0x00000000eab00000, 0x00000000ece00000, 0x0000000100000000)
  eden space 25600K, 0% used [0x00000000eab00000,0x00000000eab00000,0x00000000ec400000)
  from space 4096K, 99% used [0x00000000ec400000,0x00000000ec7fca70,0x00000000ec800000)
  to   space 5120K, 0% used [0x00000000ec900000,0x00000000ec900000,0x00000000ece00000)
 ParOldGen       total 68608K, used 6829K [0x00000000c0000000, 0x00000000c4300000, 0x00000000eab00000)
  object space 68608K, 9% used [0x00000000c0000000,0x00000000c06ab7a0,0x00000000c4300000)
 Metaspace       used 21020K, committed 21504K, reserved 1114112K
  class space    used 2110K, committed 2368K, reserved 1048576K
}
Event: 19.995 GC heap before
{Heap before GC invocations=6 (full 1):
 PSYoungGen      total 29696K, used 4082K [0x00000000eab00000, 0x00000000ece00000, 0x0000000100000000)
  eden space 25600K, 0% used [0x00000000eab00000,0x00000000eab00000,0x00000000ec400000)
  from space 4096K, 99% used [0x00000000ec400000,0x00000000ec7fca70,0x00000000ec800000)
  to   space 5120K, 0% used [0x00000000ec900000,0x00000000ec900000,0x00000000ece00000)
 ParOldGen       total 68608K, used 6829K [0x00000000c0000000, 0x00000000c4300000, 0x00000000eab00000)
  object space 68608K, 9% used [0x00000000c0000000,0x00000000c06ab7a0,0x00000000c4300000)
 Metaspace       used 21020K, committed 21504K, reserved 1114112K
  class space    used 2110K, committed 2368K, reserved 1048576K
}
Event: 20.016 GC heap after
{Heap after GC invocations=6 (full 1):
 PSYoungGen      total 29696K, used 0K [0x00000000eab00000, 0x00000000ece00000, 0x0000000100000000)
  eden space 25600K, 0% used [0x00000000eab00000,0x00000000eab00000,0x00000000ec400000)
  from space 4096K, 0% used [0x00000000ec400000,0x00000000ec400000,0x00000000ec800000)
  to   space 5120K, 0% used [0x00000000ec900000,0x00000000ec900000,0x00000000ece00000)
 ParOldGen       total 68608K, used 10596K [0x00000000c0000000, 0x00000000c4300000, 0x00000000eab00000)
  object space 68608K, 15% used [0x00000000c0000000,0x00000000c0a59130,0x00000000c4300000)
 Metaspace       used 21020K, committed 21504K, reserved 1114112K
  class space    used 2110K, committed 2368K, reserved 1048576K
}
Event: 20.670 GC heap before
{Heap before GC invocations=7 (full 1):
 PSYoungGen      total 29696K, used 25600K [0x00000000eab00000, 0x00000000ece00000, 0x0000000100000000)
  eden space 25600K, 100% used [0x00000000eab00000,0x00000000ec400000,0x00000000ec400000)
  from space 4096K, 0% used [0x00000000ec400000,0x00000000ec400000,0x00000000ec800000)
  to   space 5120K, 0% used [0x00000000ec900000,0x00000000ec900000,0x00000000ece00000)
 ParOldGen       total 68608K, used 10596K [0x00000000c0000000, 0x00000000c4300000, 0x00000000eab00000)
  object space 68608K, 15% used [0x00000000c0000000,0x00000000c0a59130,0x00000000c4300000)
 Metaspace       used 24829K, committed 25408K, reserved 1114112K
  class space    used 2514K, committed 2752K, reserved 1048576K
}
Event: 20.673 GC heap after
{Heap after GC invocations=7 (full 1):
 PSYoungGen      total 26624K, used 1155K [0x00000000eab00000, 0x00000000eca80000, 0x0000000100000000)
  eden space 25088K, 0% used [0x00000000eab00000,0x00000000eab00000,0x00000000ec380000)
  from space 1536K, 75% used [0x00000000ec900000,0x00000000eca20e70,0x00000000eca80000)
  to   space 2560K, 0% used [0x00000000ec580000,0x00000000ec580000,0x00000000ec800000)
 ParOldGen       total 68608K, used 10604K [0x00000000c0000000, 0x00000000c4300000, 0x00000000eab00000)
  object space 68608K, 15% used [0x00000000c0000000,0x00000000c0a5b130,0x00000000c4300000)
 Metaspace       used 24829K, committed 25408K, reserved 1114112K
  class space    used 2514K, committed 2752K, reserved 1048576K
}
Event: 21.075 GC heap before
{Heap before GC invocations=8 (full 1):
 PSYoungGen      total 26624K, used 26243K [0x00000000eab00000, 0x00000000eca80000, 0x0000000100000000)
  eden space 25088K, 100% used [0x00000000eab00000,0x00000000ec380000,0x00000000ec380000)
  from space 1536K, 75% used [0x00000000ec900000,0x00000000eca20e70,0x00000000eca80000)
  to   space 2560K, 0% used [0x00000000ec580000,0x00000000ec580000,0x00000000ec800000)
 ParOldGen       total 68608K, used 10604K [0x00000000c0000000, 0x00000000c4300000, 0x00000000eab00000)
  object space 68608K, 15% used [0x00000000c0000000,0x00000000c0a5b130,0x00000000c4300000)
 Metaspace       used 27523K, committed 28160K, reserved 1114112K
  class space    used 2827K, committed 3072K, reserved 1048576K
}
Event: 21.079 GC heap after
{Heap after GC invocations=8 (full 1):
 PSYoungGen      total 27136K, used 2550K [0x00000000eab00000, 0x00000000eca00000, 0x0000000100000000)
  eden space 24576K, 0% used [0x00000000eab00000,0x00000000eab00000,0x00000000ec300000)
  from space 2560K, 99% used [0x00000000ec580000,0x00000000ec7fdb40,0x00000000ec800000)
  to   space 2048K, 0% used [0x00000000ec800000,0x00000000ec800000,0x00000000eca00000)
 ParOldGen       total 68608K, used 10972K [0x00000000c0000000, 0x00000000c4300000, 0x00000000eab00000)
  object space 68608K, 15% used [0x00000000c0000000,0x00000000c0ab7140,0x00000000c4300000)
 Metaspace       used 27523K, committed 28160K, reserved 1114112K
  class space    used 2827K, committed 3072K, reserved 1048576K
}
Event: 21.311 GC heap before
{Heap before GC invocations=9 (full 1):
 PSYoungGen      total 27136K, used 27126K [0x00000000eab00000, 0x00000000eca00000, 0x0000000100000000)
  eden space 24576K, 100% used [0x00000000eab00000,0x00000000ec300000,0x00000000ec300000)
  from space 2560K, 99% used [0x00000000ec580000,0x00000000ec7fdb40,0x00000000ec800000)
  to   space 2048K, 0% used [0x00000000ec800000,0x00000000ec800000,0x00000000eca00000)
 ParOldGen       total 68608K, used 10972K [0x00000000c0000000, 0x00000000c4300000, 0x00000000eab00000)
  object space 68608K, 15% used [0x00000000c0000000,0x00000000c0ab7140,0x00000000c4300000)
 Metaspace       used 30042K, committed 30720K, reserved 1114112K
  class space    used 3000K, committed 3264K, reserved 1048576K
}
Event: 21.312 GC heap after
{Heap after GC invocations=9 (full 1):
 PSYoungGen      total 26112K, used 2047K [0x00000000eab00000, 0x00000000eca00000, 0x0000000100000000)
  eden space 24064K, 0% used [0x00000000eab00000,0x00000000eab00000,0x00000000ec280000)
  from space 2048K, 99% used [0x00000000ec800000,0x00000000ec9fff80,0x00000000eca00000)
  to   space 3584K, 0% used [0x00000000ec300000,0x00000000ec300000,0x00000000ec680000)
 ParOldGen       total 68608K, used 11986K [0x00000000c0000000, 0x00000000c4300000, 0x00000000eab00000)
  object space 68608K, 17% used [0x00000000c0000000,0x00000000c0bb49c8,0x00000000c4300000)
 Metaspace       used 30042K, committed 30720K, reserved 1114112K
  class space    used 3000K, committed 3264K, reserved 1048576K
}

Dll operation events (10 events):
Event: 0.006 Loaded shared library c:\Users\Surafel_Pc\.vscode\extensions\redhat.java-1.38.0-win32-x64\jre\17.0.13-win32-x86_64\bin\java.dll
Event: 0.144 Loaded shared library c:\Users\Surafel_Pc\.vscode\extensions\redhat.java-1.38.0-win32-x64\jre\17.0.13-win32-x86_64\bin\zip.dll
Event: 0.146 Loaded shared library C:\Users\Surafel_Pc\.vscode\extensions\redhat.java-1.38.0-win32-x64\jre\17.0.13-win32-x86_64\bin\instrument.dll
Event: 0.159 Loaded shared library C:\Users\Surafel_Pc\.vscode\extensions\redhat.java-1.38.0-win32-x64\jre\17.0.13-win32-x86_64\bin\net.dll
Event: 0.161 Loaded shared library C:\Users\Surafel_Pc\.vscode\extensions\redhat.java-1.38.0-win32-x64\jre\17.0.13-win32-x86_64\bin\nio.dll
Event: 0.166 Loaded shared library C:\Users\Surafel_Pc\.vscode\extensions\redhat.java-1.38.0-win32-x64\jre\17.0.13-win32-x86_64\bin\zip.dll
Event: 0.180 Loaded shared library C:\Users\Surafel_Pc\.vscode\extensions\redhat.java-1.38.0-win32-x64\jre\17.0.13-win32-x86_64\bin\jimage.dll
Event: 0.299 Loaded shared library c:\Users\Surafel_Pc\.vscode\extensions\redhat.java-1.38.0-win32-x64\jre\17.0.13-win32-x86_64\bin\verify.dll
Event: 7.193 Loaded shared library C:\Users\Surafel_Pc\AppData\Roaming\Code\User\globalStorage\redhat.java\1.38.0\config_win\org.eclipse.equinox.launcher\org.eclipse.equinox.launcher.win32.win32.x86_64_1.2.1100.v20240722-2106\eclipse_11904.dll
Event: 20.468 Loaded shared library C:\Users\Surafel_Pc\AppData\Local\Temp\jna--127339658\jna10085147012282565192.dll

Deoptimization events (20 events):
Event: 20.941 Thread 0x0000021744c648c0 DEOPT PACKING pc=0x000002173ae55454 sp=0x000000790f5f26f0
Event: 20.941 Thread 0x0000021744c648c0 DEOPT UNPACKING pc=0x000002173a8c66a3 sp=0x000000790f5f2670 mode 2
Event: 20.941 Thread 0x0000021744c648c0 Uncommon trap: trap_request=0xffffff45 fr.pc=0x000002173ae48cdc relative=0x000000000000005c
Event: 20.941 Thread 0x0000021744c648c0 Uncommon trap: reason=unstable_if action=reinterpret pc=0x000002173ae48cdc method=java.lang.AbstractStringBuilder.isLatin1()Z @ 10 c2
Event: 20.941 Thread 0x0000021744c648c0 DEOPT PACKING pc=0x000002173ae48cdc sp=0x000000790f5f26d0
Event: 20.941 Thread 0x0000021744c648c0 DEOPT UNPACKING pc=0x000002173a8c66a3 sp=0x000000790f5f2660 mode 2
Event: 20.949 Thread 0x0000021744c648c0 Uncommon trap: trap_request=0xffffff45 fr.pc=0x000002173ae44648 relative=0x0000000000000048
Event: 20.949 Thread 0x0000021744c648c0 Uncommon trap: reason=unstable_if action=reinterpret pc=0x000002173ae44648 method=java.lang.CharacterData.of(I)Ljava/lang/CharacterData; @ 4 c2
Event: 20.949 Thread 0x0000021744c648c0 DEOPT PACKING pc=0x000002173ae44648 sp=0x000000790f5f1ed0
Event: 20.949 Thread 0x0000021744c648c0 DEOPT UNPACKING pc=0x000002173a8c66a3 sp=0x000000790f5f1e68 mode 2
Event: 21.392 Thread 0x0000021744c648c0 DEOPT PACKING pc=0x00000217333cae93 sp=0x000000790f5efe10
Event: 21.392 Thread 0x0000021744c648c0 DEOPT UNPACKING pc=0x000002173a8c6e43 sp=0x000000790f5ef330 mode 0
Event: 21.585 Thread 0x0000021744c648c0 Uncommon trap: trap_request=0xffffff45 fr.pc=0x000002173afa5aa8 relative=0x0000000000000128
Event: 21.585 Thread 0x0000021744c648c0 Uncommon trap: reason=unstable_if action=reinterpret pc=0x000002173afa5aa8 method=org.lombokweb.asm.ByteVector.putByteArray([BII)Lorg/lombokweb/asm/ByteVector; @ 20 c2
Event: 21.586 Thread 0x0000021744c648c0 DEOPT PACKING pc=0x000002173afa5aa8 sp=0x000000790f5f2560
Event: 21.586 Thread 0x0000021744c648c0 DEOPT UNPACKING pc=0x000002173a8c66a3 sp=0x000000790f5f2530 mode 2
Event: 21.586 Thread 0x0000021744c648c0 Uncommon trap: trap_request=0xffffff45 fr.pc=0x000002173afa5454 relative=0x0000000000000334
Event: 21.586 Thread 0x0000021744c648c0 Uncommon trap: reason=unstable_if action=reinterpret pc=0x000002173afa5454 method=org.lombokweb.asm.Label.resolve([BLorg/lombokweb/asm/ByteVector;I)Z @ 81 c2
Event: 21.586 Thread 0x0000021744c648c0 DEOPT PACKING pc=0x000002173afa5454 sp=0x000000790f5f25e0
Event: 21.586 Thread 0x0000021744c648c0 DEOPT UNPACKING pc=0x000002173a8c66a3 sp=0x000000790f5f24e8 mode 2

Classes loaded (20 events):
Event: 21.127 Loading class java/util/zip/GZIPOutputStream
Event: 21.127 Loading class java/util/zip/GZIPOutputStream done
Event: 21.137 Loading class java/io/StringReader
Event: 21.137 Loading class java/io/StringReader done
Event: 21.149 Loading class java/util/zip/GZIPInputStream
Event: 21.150 Loading class java/util/zip/GZIPInputStream done
Event: 21.152 Loading class java/net/SocketTimeoutException
Event: 21.152 Loading class java/net/SocketTimeoutException done
Event: 21.152 Loading class java/net/SocketException
Event: 21.152 Loading class java/net/SocketException done
Event: 21.152 Loading class java/net/UnknownHostException
Event: 21.152 Loading class java/net/UnknownHostException done
Event: 21.152 Loading class java/net/ProtocolException
Event: 21.152 Loading class java/net/ProtocolException done
Event: 21.170 Loading class java/lang/ThreadLocal$SuppliedThreadLocal
Event: 21.170 Loading class java/lang/ThreadLocal$SuppliedThreadLocal done
Event: 21.278 Loading class java/io/FileWriter
Event: 21.278 Loading class java/io/FileWriter done
Event: 21.283 Loading class java/lang/NegativeArraySizeException
Event: 21.283 Loading class java/lang/NegativeArraySizeException done

Classes unloaded (0 events):
No events

Classes redefined (0 events):
No events

Internal exceptions (20 events):
Event: 20.513 Thread 0x0000021744c648c0 Exception <a 'java/lang/NoSuchMethodError'{0x00000000ebc0ba78}: 'java.lang.Object java.lang.invoke.DirectMethodHandle$Holder.invokeSpecial(java.lang.Object, java.lang.Object, java.lang.Object, long, java.lang.Object)'> (0x00000000ebc0ba78) 
thrown [s\src\hotspot\share\interpreter\linkResolver.cpp, line 759]
Event: 20.514 Thread 0x0000021744c648c0 Exception <a 'java/lang/NoSuchMethodError'{0x00000000ebc13c30}: 'java.lang.Object java.lang.invoke.DirectMethodHandle$Holder.newInvokeSpecial(java.lang.Object, java.lang.Object, java.lang.Object, long)'> (0x00000000ebc13c30) 
thrown [s\src\hotspot\share\interpreter\linkResolver.cpp, line 759]
Event: 20.514 Thread 0x0000021744c648c0 Exception <a 'java/lang/NoSuchMethodError'{0x00000000ebc181d0}: 'java.lang.Object java.lang.invoke.DirectMethodHandle$Holder.invokeSpecial(java.lang.Object, java.lang.Object, java.lang.Object, java.lang.Object, long)'> (0x00000000ebc181d0) 
thrown [s\src\hotspot\share\interpreter\linkResolver.cpp, line 759]
Event: 20.514 Thread 0x0000021744c648c0 Exception <a 'java/lang/NoSuchMethodError'{0x00000000ebc1c048}: 'java.lang.Object java.lang.invoke.Invokers$Holder.linkToTargetMethod(java.lang.Object, java.lang.Object, long, java.lang.Object)'> (0x00000000ebc1c048) 
thrown [s\src\hotspot\share\interpreter\linkResolver.cpp, line 759]
Event: 20.521 Thread 0x0000021744c648c0 Exception <a 'java/lang/NoSuchMethodError'{0x00000000ebca1010}: 'int java.lang.invoke.DirectMethodHandle$Holder.invokeStaticInit(java.lang.Object, java.lang.Object, java.lang.Object)'> (0x00000000ebca1010) 
thrown [s\src\hotspot\share\interpreter\linkResolver.cpp, line 759]
Event: 20.534 Thread 0x0000021744c648c0 Exception <a 'java/lang/IncompatibleClassChangeError'{0x00000000ebd418e8}: Found class java.lang.Object, but interface was expected> (0x00000000ebd418e8) 
thrown [s\src\hotspot\share\interpreter\linkResolver.cpp, line 826]
Event: 20.537 Thread 0x0000021744c648c0 Exception <a 'java/lang/NoSuchMethodError'{0x00000000ebd55a58}: 'java.lang.Object java.lang.invoke.DirectMethodHandle$Holder.invokeSpecial(java.lang.Object, java.lang.Object, java.lang.Object, int, java.lang.Object, java.lang.Object)'> (0x00000000ebd55a58) 
thrown [s\src\hotspot\share\interpreter\linkResolver.cpp, line 759]
Event: 20.537 Thread 0x0000021744c648c0 Exception <a 'java/lang/NoSuchMethodError'{0x00000000ebd5e150}: 'java.lang.Object java.lang.invoke.DirectMethodHandle$Holder.newInvokeSpecial(java.lang.Object, java.lang.Object, java.lang.Object, int, java.lang.Object)'> (0x00000000ebd5e150) 
thrown [s\src\hotspot\share\interpreter\linkResolver.cpp, line 759]
Event: 20.538 Thread 0x0000021744c648c0 Exception <a 'java/lang/NoSuchMethodError'{0x00000000ebd625a8}: 'java.lang.Object java.lang.invoke.DirectMethodHandle$Holder.invokeSpecial(java.lang.Object, java.lang.Object, java.lang.Object, java.lang.Object, int, java.lang.Object)'> (0x00000000ebd625a8) 
thrown [s\src\hotspot\share\interpreter\linkResolver.cpp, line 759]
Event: 20.538 Thread 0x000002174a2b56c0 Exception <a 'java/lang/NoSuchMethodError'{0x00000000ebc78380}: 'java.lang.Object java.lang.invoke.DirectMethodHandle$Holder.invokeSpecial(java.lang.Object, java.lang.Object, int, java.lang.Object, java.lang.Object)'> (0x00000000ebc78380) 
thrown [s\src\hotspot\share\interpreter\linkResolver.cpp, line 759]
Event: 20.783 Thread 0x0000021744c648c0 Exception <a 'java/lang/NoSuchMethodError'{0x00000000eb0c2fc8}: 'java.lang.Object java.lang.invoke.Invokers$Holder.linkToTargetMethod(java.lang.Object, long, java.lang.Object, java.lang.Object)'> (0x00000000eb0c2fc8) 
thrown [s\src\hotspot\share\interpreter\linkResolver.cpp, line 759]
Event: 20.871 Thread 0x0000021744c648c0 Exception <a 'java/io/FileNotFoundException'{0x00000000eb86fa28}> (0x00000000eb86fa28) 
thrown [s\src\hotspot\share\prims\jni.cpp, line 516]
Event: 20.872 Thread 0x0000021744c648c0 Exception <a 'java/lang/NoSuchMethodError'{0x00000000eb878ab0}: 'java.lang.Object java.lang.invoke.DirectMethodHandle$Holder.newInvokeSpecial(java.lang.Object, int, java.lang.Object, java.lang.Object)'> (0x00000000eb878ab0) 
thrown [s\src\hotspot\share\interpreter\linkResolver.cpp, line 759]
Event: 21.000 Thread 0x0000021744c648c0 Exception <a 'java/lang/NoSuchMethodError'{0x00000000ec0bb260}: 'void java.lang.invoke.DirectMethodHandle$Holder.invokeSpecial(java.lang.Object, java.lang.Object, java.lang.Object, int)'> (0x00000000ec0bb260) 
thrown [s\src\hotspot\share\interpreter\linkResolver.cpp, line 759]
Event: 21.122 Thread 0x0000021744c648c0 Exception <a 'java/lang/NoSuchMethodError'{0x00000000eae3ebd0}: 'double java.lang.invoke.DirectMethodHandle$Holder.invokeStatic(java.lang.Object, java.lang.Object)'> (0x00000000eae3ebd0) 
thrown [s\src\hotspot\share\interpreter\linkResolver.cpp, line 759]
Event: 21.122 Thread 0x0000021744c648c0 Exception <a 'java/lang/NoSuchMethodError'{0x00000000eae424e8}: 'double java.lang.invoke.DirectMethodHandle$Holder.invokeStaticInit(java.lang.Object, java.lang.Object)'> (0x00000000eae424e8) 
thrown [s\src\hotspot\share\interpreter\linkResolver.cpp, line 759]
Event: 21.285 Thread 0x0000021744c648c0 Exception <a 'java/io/FileNotFoundException'{0x00000000ebf13ef8}> (0x00000000ebf13ef8) 
thrown [s\src\hotspot\share\prims\jni.cpp, line 516]
Event: 21.286 Thread 0x0000021744c648c0 Exception <a 'java/io/FileNotFoundException'{0x00000000ebf14d38}> (0x00000000ebf14d38) 
thrown [s\src\hotspot\share\prims\jni.cpp, line 516]
Event: 21.286 Thread 0x0000021744c648c0 Exception <a 'java/io/FileNotFoundException'{0x00000000ebf15cc8}> (0x00000000ebf15cc8) 
thrown [s\src\hotspot\share\prims\jni.cpp, line 516]
Event: 21.585 Thread 0x0000021744c648c0 Implicit null exception at 0x000002173afa59c8 to 0x000002173afa5a88

VM Operations (20 events):
Event: 20.375 Executing VM operation: HandshakeAllThreads
Event: 20.375 Executing VM operation: HandshakeAllThreads done
Event: 20.474 Executing VM operation: HandshakeAllThreads
Event: 20.474 Executing VM operation: HandshakeAllThreads done
Event: 20.604 Executing VM operation: HandshakeAllThreads
Event: 20.604 Executing VM operation: HandshakeAllThreads done
Event: 20.654 Executing VM operation: HandshakeAllThreads
Event: 20.654 Executing VM operation: HandshakeAllThreads done
Event: 20.669 Executing VM operation: HandshakeAllThreads
Event: 20.669 Executing VM operation: HandshakeAllThreads done
Event: 20.670 Executing VM operation: ParallelGCFailedAllocation
Event: 20.673 Executing VM operation: ParallelGCFailedAllocation done
Event: 20.863 Executing VM operation: HandshakeAllThreads
Event: 20.866 Executing VM operation: HandshakeAllThreads done
Event: 20.950 Executing VM operation: HandshakeAllThreads
Event: 20.950 Executing VM operation: HandshakeAllThreads done
Event: 21.075 Executing VM operation: ParallelGCFailedAllocation
Event: 21.079 Executing VM operation: ParallelGCFailedAllocation done
Event: 21.311 Executing VM operation: ParallelGCFailedAllocation
Event: 21.312 Executing VM operation: ParallelGCFailedAllocation done

Memory protections (0 events):
No events

Nmethod flushes (0 events):
No events

Events (20 events):
Event: 1.532 Thread 0x000002172eecf2f0 Thread added: 0x0000021744c66210
Event: 1.773 Thread 0x000002174a986b40 Thread exited: 0x000002174a986b40
Event: 7.191 Thread 0x000002172eecf2f0 Thread added: 0x0000021744c63ea0
Event: 7.233 Thread 0x0000021744c63ea0 Thread added: 0x0000021744c643b0
Event: 7.237 Thread 0x000002172eecf2f0 Thread added: 0x0000021744c648c0
Event: 7.445 Thread 0x0000021749df27f0 Thread added: 0x000002174a51e5e0
Event: 7.975 Thread 0x000002174a51e5e0 Thread exited: 0x000002174a51e5e0
Event: 10.546 Thread 0x0000021749df27f0 Thread added: 0x000002174a51f080
Event: 10.866 Thread 0x000002174a51f080 Thread exited: 0x000002174a51f080
Event: 10.873 Thread 0x0000021744c648c0 Thread added: 0x0000021744c66720
Event: 19.195 Thread 0x0000021744c648c0 Thread added: 0x0000021744c652e0
Event: 19.331 Thread 0x0000021744c648c0 Thread added: 0x0000021744c64dd0
Event: 19.590 Thread 0x0000021749df27f0 Thread added: 0x000002174a4b5670
Event: 19.963 Thread 0x0000021744c648c0 Thread added: 0x000002174a2b2e40
Event: 20.485 Thread 0x0000021744c648c0 Thread added: 0x000002174a2b1f10
Event: 20.517 Thread 0x0000021744c648c0 Thread added: 0x000002174a2b56c0
Event: 20.539 Thread 0x0000021744c648c0 Thread added: 0x000002174a2b3d70
Event: 20.628 Thread 0x000002174a4b5670 Thread exited: 0x000002174a4b5670
Event: 21.140 Thread 0x0000021749df27f0 Thread added: 0x000002174a4b5670
Event: 21.388 Thread 0x000002174a4b5670 Thread exited: 0x000002174a4b5670


Dynamic libraries:
0x00007ff737310000 - 0x00007ff73731e000 	c:\Users\Surafel_Pc\.vscode\extensions\redhat.java-1.38.0-win32-x64\jre\17.0.13-win32-x86_64\bin\java.exe
0x00007ffda2470000 - 0x00007ffda2668000 	C:\WINDOWS\SYSTEM32\ntdll.dll
0x00007ffda1350000 - 0x00007ffda1412000 	C:\WINDOWS\System32\KERNEL32.DLL
0x00007ffda0190000 - 0x00007ffda048e000 	C:\WINDOWS\System32\KERNELBASE.dll
0x00007ffd9fdb0000 - 0x00007ffd9feb0000 	C:\WINDOWS\System32\ucrtbase.dll
0x00007ffd8a2e0000 - 0x00007ffd8a2f7000 	c:\Users\Surafel_Pc\.vscode\extensions\redhat.java-1.38.0-win32-x64\jre\17.0.13-win32-x86_64\bin\jli.dll
0x00007ffd880a0000 - 0x00007ffd880be000 	c:\Users\Surafel_Pc\.vscode\extensions\redhat.java-1.38.0-win32-x64\jre\17.0.13-win32-x86_64\bin\VCRUNTIME140.dll
0x00007ffda11a0000 - 0x00007ffda133d000 	C:\WINDOWS\System32\USER32.dll
0x00007ffda0040000 - 0x00007ffda0062000 	C:\WINDOWS\System32\win32u.dll
0x00007ffda1140000 - 0x00007ffda116b000 	C:\WINDOWS\System32\GDI32.dll
0x00007ffd89d60000 - 0x00007ffd89ffa000 	C:\WINDOWS\WinSxS\amd64_microsoft.windows.common-controls_6595b64144ccf1df_6.0.19041.4355_none_60b8b9eb71f62e16\COMCTL32.dll
0x00007ffda0070000 - 0x00007ffda0187000 	C:\WINDOWS\System32\gdi32full.dll
0x00007ffd9ff70000 - 0x00007ffda000d000 	C:\WINDOWS\System32\msvcp_win.dll
0x00007ffda1680000 - 0x00007ffda171e000 	C:\WINDOWS\System32\msvcrt.dll
0x00007ffda1170000 - 0x00007ffda119f000 	C:\WINDOWS\System32\IMM32.DLL
0x00007ffd9b630000 - 0x00007ffd9b63c000 	c:\Users\Surafel_Pc\.vscode\extensions\redhat.java-1.38.0-win32-x64\jre\17.0.13-win32-x86_64\bin\vcruntime140_1.dll
0x00007ffd5d860000 - 0x00007ffd5d8ed000 	c:\Users\Surafel_Pc\.vscode\extensions\redhat.java-1.38.0-win32-x64\jre\17.0.13-win32-x86_64\bin\msvcp140.dll
0x00007ffd375e0000 - 0x00007ffd3824b000 	c:\Users\Surafel_Pc\.vscode\extensions\redhat.java-1.38.0-win32-x64\jre\17.0.13-win32-x86_64\bin\server\jvm.dll
0x00007ffda0f50000 - 0x00007ffda1001000 	C:\WINDOWS\System32\ADVAPI32.dll
0x00007ffda1720000 - 0x00007ffda17bf000 	C:\WINDOWS\System32\sechost.dll
0x00007ffda1550000 - 0x00007ffda1673000 	C:\WINDOWS\System32\RPCRT4.dll
0x00007ffda0010000 - 0x00007ffda0037000 	C:\WINDOWS\System32\bcrypt.dll
0x00007ffda1ca0000 - 0x00007ffda1d0b000 	C:\WINDOWS\System32\WS2_32.dll
0x00007ffd9f970000 - 0x00007ffd9f9bb000 	C:\WINDOWS\SYSTEM32\POWRPROF.dll
0x00007ffd960c0000 - 0x00007ffd960e7000 	C:\WINDOWS\SYSTEM32\WINMM.dll
0x00007ffd95910000 - 0x00007ffd9591a000 	C:\WINDOWS\SYSTEM32\VERSION.dll
0x00007ffd9f950000 - 0x00007ffd9f962000 	C:\WINDOWS\SYSTEM32\UMPDC.dll
0x00007ffd9d7d0000 - 0x00007ffd9d7e2000 	C:\WINDOWS\SYSTEM32\kernel.appcore.dll
0x00007ffd94990000 - 0x00007ffd9499a000 	c:\Users\Surafel_Pc\.vscode\extensions\redhat.java-1.38.0-win32-x64\jre\17.0.13-win32-x86_64\bin\jimage.dll
0x00007ffd95360000 - 0x00007ffd95544000 	C:\WINDOWS\SYSTEM32\DBGHELP.DLL
0x00007ffd948a0000 - 0x00007ffd948d4000 	C:\WINDOWS\SYSTEM32\dbgcore.DLL
0x00007ffd9fbc0000 - 0x00007ffd9fc42000 	C:\WINDOWS\System32\bcryptPrimitives.dll
0x00007ffd8d1c0000 - 0x00007ffd8d1ce000 	c:\Users\Surafel_Pc\.vscode\extensions\redhat.java-1.38.0-win32-x64\jre\17.0.13-win32-x86_64\bin\instrument.dll
0x00007ffd7d090000 - 0x00007ffd7d0b5000 	c:\Users\Surafel_Pc\.vscode\extensions\redhat.java-1.38.0-win32-x64\jre\17.0.13-win32-x86_64\bin\java.dll
0x00007ffd84550000 - 0x00007ffd84568000 	c:\Users\Surafel_Pc\.vscode\extensions\redhat.java-1.38.0-win32-x64\jre\17.0.13-win32-x86_64\bin\zip.dll
0x00007ffda0580000 - 0x00007ffda0ced000 	C:\WINDOWS\System32\SHELL32.dll
0x00007ffd9d9d0000 - 0x00007ffd9e174000 	C:\WINDOWS\SYSTEM32\windows.storage.dll
0x00007ffda1d10000 - 0x00007ffda2063000 	C:\WINDOWS\System32\combase.dll
0x00007ffd9f470000 - 0x00007ffd9f49e000 	C:\WINDOWS\SYSTEM32\Wldp.dll
0x00007ffda2360000 - 0x00007ffda242d000 	C:\WINDOWS\System32\OLEAUT32.dll
0x00007ffda1090000 - 0x00007ffda113d000 	C:\WINDOWS\System32\SHCORE.dll
0x00007ffda1c30000 - 0x00007ffda1c85000 	C:\WINDOWS\System32\shlwapi.dll
0x00007ffd9fa40000 - 0x00007ffd9fa64000 	C:\WINDOWS\SYSTEM32\profapi.dll
0x00007ffd81270000 - 0x00007ffd81289000 	C:\Users\Surafel_Pc\.vscode\extensions\redhat.java-1.38.0-win32-x64\jre\17.0.13-win32-x86_64\bin\net.dll
0x00007ffd99ff0000 - 0x00007ffd9a0fd000 	C:\WINDOWS\SYSTEM32\WINHTTP.dll
0x00007ffd9f1d0000 - 0x00007ffd9f23a000 	C:\WINDOWS\system32\mswsock.dll
0x00007ffd7ba20000 - 0x00007ffd7ba36000 	C:\Users\Surafel_Pc\.vscode\extensions\redhat.java-1.38.0-win32-x64\jre\17.0.13-win32-x86_64\bin\nio.dll
0x00007ffd8d100000 - 0x00007ffd8d110000 	c:\Users\Surafel_Pc\.vscode\extensions\redhat.java-1.38.0-win32-x64\jre\17.0.13-win32-x86_64\bin\verify.dll
0x00007ffd5e150000 - 0x00007ffd5e195000 	C:\Users\Surafel_Pc\AppData\Roaming\Code\User\globalStorage\redhat.java\1.38.0\config_win\org.eclipse.equinox.launcher\org.eclipse.equinox.launcher.win32.win32.x86_64_1.2.1100.v20240722-2106\eclipse_11904.dll
0x00007ffda1420000 - 0x00007ffda154b000 	C:\WINDOWS\System32\ole32.dll
0x00007ffd9f3c0000 - 0x00007ffd9f3d8000 	C:\WINDOWS\SYSTEM32\CRYPTSP.dll
0x00007ffd9eaf0000 - 0x00007ffd9eb24000 	C:\WINDOWS\system32\rsaenh.dll
0x00007ffd9fa00000 - 0x00007ffd9fa2e000 	C:\WINDOWS\SYSTEM32\USERENV.dll
0x00007ffd9f3e0000 - 0x00007ffd9f3ec000 	C:\WINDOWS\SYSTEM32\CRYPTBASE.dll
0x00007ffd9eeb0000 - 0x00007ffd9eeeb000 	C:\WINDOWS\SYSTEM32\IPHLPAPI.DLL
0x00007ffda04f0000 - 0x00007ffda04f8000 	C:\WINDOWS\System32\NSI.dll
0x00007ffd9b730000 - 0x00007ffd9b747000 	C:\WINDOWS\SYSTEM32\dhcpcsvc6.DLL
0x00007ffd9b710000 - 0x00007ffd9b72d000 	C:\WINDOWS\SYSTEM32\dhcpcsvc.DLL
0x00007ffd9eef0000 - 0x00007ffd9efba000 	C:\WINDOWS\SYSTEM32\DNSAPI.dll
0x00007ffd5dad0000 - 0x00007ffd5db19000 	C:\Users\Surafel_Pc\AppData\Local\Temp\jna--127339658\jna10085147012282565192.dll
0x00007ffda1c90000 - 0x00007ffda1c98000 	C:\WINDOWS\System32\PSAPI.DLL

dbghelp: loaded successfully - version: 4.0.5 - missing functions: none
symbol engine: initialized successfully - sym options: 0x614 - pdb path: .;c:\Users\Surafel_Pc\.vscode\extensions\redhat.java-1.38.0-win32-x64\jre\17.0.13-win32-x86_64\bin;C:\WINDOWS\SYSTEM32;C:\WINDOWS\WinSxS\amd64_microsoft.windows.common-controls_6595b64144ccf1df_6.0.19041.4355_none_60b8b9eb71f62e16;c:\Users\Surafel_Pc\.vscode\extensions\redhat.java-1.38.0-win32-x64\jre\17.0.13-win32-x86_64\bin\server;C:\Users\Surafel_Pc\AppData\Roaming\Code\User\globalStorage\redhat.java\1.38.0\config_win\org.eclipse.equinox.launcher\org.eclipse.equinox.launcher.win32.win32.x86_64_1.2.1100.v20240722-2106;C:\Users\Surafel_Pc\AppData\Local\Temp\jna--127339658

VM Arguments:
jvm_args: --add-modules=ALL-SYSTEM --add-opens=java.base/java.util=ALL-UNNAMED --add-opens=java.base/java.lang=ALL-UNNAMED --add-opens=java.base/sun.nio.fs=ALL-UNNAMED -Declipse.application=org.eclipse.jdt.ls.core.id1 -Dosgi.bundles.defaultStartLevel=4 -Declipse.product=org.eclipse.jdt.ls.core.product -Djava.import.generatesMetadataFilesAtProjectRoot=false -DDetectVMInstallationsJob.disabled=true -Dfile.encoding=utf8 -XX:+UseParallelGC -XX:GCTimeRatio=4 -XX:AdaptiveSizePolicyWeight=90 -Dsun.zip.disableMemoryMapping=true -Xmx1G -Xms100m -Xlog:disable -javaagent:c:\Users\Surafel_Pc\.vscode\extensions\redhat.java-1.38.0-win32-x64\lombok\lombok-1.18.34.jar -XX:+HeapDumpOnOutOfMemoryError -XX:HeapDumpPath=c:\Users\Surafel_Pc\AppData\Roaming\Code\User\workspaceStorage\5ebe8adba00e4c222bc02e3cb83f1796\redhat.java -Daether.dependencyCollector.impl=bf 
java_command: c:\Users\Surafel_Pc\.vscode\extensions\redhat.java-1.38.0-win32-x64\server\plugins\org.eclipse.equinox.launcher_1.6.900.v20240613-2009.jar -configuration c:\Users\Surafel_Pc\AppData\Roaming\Code\User\globalStorage\redhat.java\1.38.0\config_win -data c:\Users\Surafel_Pc\AppData\Roaming\Code\User\workspaceStorage\5ebe8adba00e4c222bc02e3cb83f1796\redhat.java\jdt_ws --pipe=\\.\pipe\lsp-c714427bf8ab1301caed957af00d0189-sock
java_class_path (initial): c:\Users\Surafel_Pc\.vscode\extensions\redhat.java-1.38.0-win32-x64\server\plugins\org.eclipse.equinox.launcher_1.6.900.v20240613-2009.jar
Launcher Type: SUN_STANDARD

[Global flags]
    uintx AdaptiveSizePolicyWeight                 = 90                                        {product} {command line}
     intx CICompilerCount                          = 3                                         {product} {ergonomic}
    uintx GCTimeRatio                              = 4                                         {product} {command line}
     bool HeapDumpOnOutOfMemoryError               = true                                   {manageable} {command line}
    ccstr HeapDumpPath                             = c:\Users\Surafel_Pc\AppData\Roaming\Code\User\workspaceStorage\5ebe8adba00e4c222bc02e3cb83f1796\redhat.java         {manageable} {command line}
   size_t InitialHeapSize                          = 104857600                                 {product} {command line}
   size_t MaxHeapSize                              = 1073741824                                {product} {command line}
   size_t MaxNewSize                               = 357564416                                 {product} {ergonomic}
   size_t MinHeapDeltaBytes                        = 524288                                    {product} {ergonomic}
   size_t MinHeapSize                              = 104857600                                 {product} {command line}
   size_t NewSize                                  = 34603008                                  {product} {ergonomic}
    uintx NonNMethodCodeHeapSize                   = 5832780                                {pd product} {ergonomic}
    uintx NonProfiledCodeHeapSize                  = 122912730                              {pd product} {ergonomic}
   size_t OldSize                                  = 70254592                                  {product} {ergonomic}
    uintx ProfiledCodeHeapSize                     = 122912730                              {pd product} {ergonomic}
    uintx ReservedCodeCacheSize                    = 251658240                              {pd product} {ergonomic}
     bool SegmentedCodeCache                       = true                                      {product} {ergonomic}
   size_t SoftMaxHeapSize                          = 1073741824                             {manageable} {ergonomic}
     bool UseCompressedClassPointers               = true                           {product lp64_product} {ergonomic}
     bool UseCompressedOops                        = true                           {product lp64_product} {ergonomic}
     bool UseLargePagesIndividualAllocation        = false                                  {pd product} {ergonomic}
     bool UseParallelGC                            = true                                      {product} {command line}

Logging:
Log output configuration:
 #0: stdout all=off uptime,level,tags
 #1: stderr all=off uptime,level,tags

Environment Variables:
PATH=C:\Program Files\Common Files\Oracle\Java\javapath;C:\Program Files (x86)\VMware\VMware Player\bin\;C:\WINDOWS\system32;C:\WINDOWS;C:\WINDOWS\System32\Wbem;C:\WINDOWS\System32\WindowsPowerShell\v1.0\;C:\WINDOWS\System32\OpenSSH\;C:\Program Files\Git\cmd;C:\Users\Surafel_Pc\AppData\Local\Programs\Python\Python312;C:\Users\Surafel_Pc\AppData\Local\Programs\Python\Python312\Scripts;C:\Program Files\MySQL\MySQL Server 8.0\bin;C:\ProgramData\chocolatey\bin;C:\Program Files\nodejs\;C:\Users\Surafel_Pc\Desktop\react&node\my-vue-app\node_modules\vite\bin;C:\Users\Surafel_Pc\Desktop\react&node\my-vue-app\node_modules\.bin;C:\Program Files\nodejs;C:\Users\Surafel_Pc\Desktop\react&node\my-app\node_modules\.bin;C:\Users\Surafel_Pc\AppData\Local\Android\Sdk;C:\Users\Surafel_Pc\Downloads\Compressed\flutter_windows_3.13.7-stable\flutter\bin;C:\Program Files\MySQL\MySQL Shell 8.0\bin\;C:\Users\Surafel_Pc\AppData\Local\Programs\Python\Launcher\;C:\Users\Surafel_Pc\AppData\Local\Microsoft\WindowsApps;C:\Users\Surafel_Pc\AppData\Local\Programs\Python\Python312;C:\Users\Surafel_Pc\AppData\Local\Programs\Python\Python312\Scripts;C:\Users\Surafel_Pc\AppData\Local\Programs\Python\Python312\Lib;C:\Users\Surafel_Pc\AppData\Roaming\npm;C:\Program Files\Java\jdk-19\bin;C:\Program Files\JetBrains\IntelliJ IDEA 2024.2.3\bin;;C:\Users\Surafel_Pc\AppData\Local\Android\Sdk\platform-tools;C:\Users\Surafel_Pc\AppData\Local\Android\Sdk;C:\Users\Surafel_Pc\AppData\Local\Android\Sdk;C:\Users\Surafel_Pc\AppData\Local\Programs\VS Code\bin
USERNAME=Surafel_Pc
OS=Windows_NT
PROCESSOR_IDENTIFIER=Intel64 Family 6 Model 60 Stepping 3, GenuineIntel
TMP=C:\Users\SURAFE~1\AppData\Local\Temp
TEMP=C:\Users\SURAFE~1\AppData\Local\Temp



Periodic native trim disabled


---------------  S Y S T E M  ---------------

OS:
 Windows 10 , 64 bit Build 19041 (10.0.19041.5198)
OS uptime: 3 days 4:56 hours

CPU: total 4 (initial active 4) (4 cores per cpu, 1 threads per core) family 6 model 60 stepping 3 microcode 0x27, cx8, cmov, fxsr, mmx, sse, sse2, sse3, ssse3, sse4.1, sse4.2, popcnt, lzcnt, tsc, tscinvbit, avx, avx2, aes, erms, clmul, bmi1, bmi2, fma, vzeroupper, clflush
Processor Information for all 4 processors :
  Max Mhz: 3301, Current Mhz: 3301, Mhz Limit: 3301

Memory: 4k page, system-wide physical 10148M (3776M free)
TotalPageFile size 12196M (AvailPageFile size 2M)
current process WorkingSet (physical memory assigned to process): 142M, peak: 142M
current process commit charge ("private bytes"): 231M, peak: 231M

vm_info: OpenJDK 64-Bit Server VM (17.0.13+11) for windows-amd64 JRE (17.0.13+11), built on Oct 16 2024 00:10:08 by "admin" with MS VC++ 17.7 (VS2022)

END.
